Scenario - 
Logfile written - 10/29/2018 13:20:02

Trial	Event Type	Code	Time	TTime	Uncertainty	Duration	Uncertainty	ReqTime	ReqDur	Stim Type	Pair Index

0	Text Input	1	7447	7447	0
0	Text Input	1	10114	10114	0
1	Sound	sound	20243	44	2197			0		hit	4
1	Response	1	27786	7586	0
35	Sound	sound	67800	1	3			0		hit	6
35	Response	1	71054	3255	0
57	Response	1	96800	401	0
59	Response	1	99913	1114	0
63	Response	1	104420	822	0
66	Response	1	107284	86	0
68	Response	1	109869	271	1
70	Response	1	112912	914	0
72	Response	1	115538	1140	0
76	Response	1	120304	1106	0
79	Sound	sound	122799	1	3			0		false_alarm	16
79	Response	1	123138	340	0
82	Response	1	126228	630	0
98	Response	1	145236	438	0
101	Response	1	148779	381	0
125	Sound	sound	177798	1	3			0		false_alarm	21
125	Response	1	179868	2070	0
148	Response	1	207597	1199	0
151	Response	1	210205	208	0
153	Response	1	212460	63	0
155	Response	1	215173	376	0
157	Response	1	218083	886	0
159	Response	1	220358	761	0
161	Response	1	222917	920	0
163	Sound	sound	225198	1	3			0		hit	30
163	Response	1	226706	1509	0
173	Response	1	237893	296	0
179	Response	1	245548	352	0
184	Response	1	251598	401	0
186	Response	1	254277	680	0
198	Sound	sound	267997	1	3			0		miss	0
202	Quit		282592	195	NA


{
   "app": "Presentation Version 20.2 Build 07.25.18",
   "device": "LENOVO 20DTCTO1WW",
   "experiment": "{80656493-4243-4645-96CC-529760D03478}",
   "os": "Windows 10 64 bit",
   "package": "",
   "parameters": {
      "configuration": "Default configuration"
   },
   "scenario": "GNGrobin.sce",
   "subject": "",
   "timestamp": "2018/10/29 12:19:30 GMT"
}
