Scenario - 
Logfile written - 10/29/2018 13:21:49

Trial	Event Type	Code	Time	TTime	Uncertainty	Duration	Uncertainty	ReqTime	ReqDur	Stim Type	Pair Index

0	Text Input	1	8725	8725	0
0	Text Input	1	10935	10935	0
1	Sound	sound	23643	43	1259			0		hit	4
4	Response	1	39775	976	0
35	Sound	sound	76000	1	3			0		hit	6
35	Response	1	81156	5157	0
84	Sound	sound	138799	1	3			0		false_alarm	8
84	Response	1	142114	3316	0
116	Response	1	179913	515	0
119	Response	1	184031	1034	0
122	Response	1	187861	1263	0
123	Sound	sound	188598	1	3			0		hit	13
123	Response	1	189708	1111	0
131	Response	1	199083	886	0
133	Response	1	201702	1105	0
135	Response	1	203851	854	0
137	Response	1	205694	297	0
140	Response	1	209700	703	0
142	Response	1	212109	712	0
144	Response	1	214668	871	0
147	Response	1	217458	61	0
152	Response	1	223643	246	0
156	Response	1	228361	164	0
160	Response	1	233118	121	0
161	Response	1	235020	823	0
162	Sound	sound	235998	1	3			0		false_alarm	27
162	Response	1	237298	1301	0
184	Response	1	263762	1166	0
189	Response	1	269751	1155	0
196	Response	1	277376	379	0
199	Response	1	281682	1086	1
216	Sound	sound	300997	1	3			0		hit	33
216	Response	1	303465	2469	0
229	Response	1	318497	501	0
242	Response	1	334927	1131	0
261	Response	1	357491	895	0
264	Sound	sound	360996	1	3			0		false_alarm	38
264	Response	1	364150	3155	0
306	Sound	sound	413596	1	4			0		false_alarm	40
306	Response	1	417432	3838	0
331	Response	1	447160	766	0
341	Sound	sound	458595	1	3			0		hit	43
341	Response	1	461495	2901	0
375	Sound	sound	501195	1	4			0		false_alarm	45
375	Response	1	504284	3090	0
423	Sound	sound	560994	1	3			0		hit	47
423	Response	1	563634	2641	0
471	Sound	sound	620993	1	3			0		false_alarm	49
471	Response	1	624536	3544	0


{
   "app": "Presentation Version 20.2 Build 07.25.18",
   "device": "LENOVO 20DTCTO1WW",
   "experiment": "{80656493-4243-4645-96CC-529760D03478}",
   "os": "Windows 10 64 bit",
   "package": "",
   "parameters": {
      "configuration": "Default configuration"
   },
   "scenario": "GNGrobin.sce",
   "subject": "",
   "timestamp": "2018/10/29 12:20:41 GMT"
}
