Scenario - 
Logfile written - 10/29/2019 12:32:27

Subject	Trial	Event Type	Code	Time	TTime	Uncertainty	Duration	Uncertainty	ReqTime	ReqDur	Stim Type	Pair Index

	1	Response	1	6006	5798	0
	2	Response	1	10509	4260	0
	4	Picture	circles;block_1;1	19164	6249	1	1667	1	6000	1500	other	0
	4	Quit		24690	11775	NA


{
   "app": "Presentation Version 20.3 Build 02.25.19",
   "device": "LENOVO 20FMS2L703",
   "experiment": "{DC23946D-9824-436C-AC02-DAA073E16653}",
   "os": "Windows 10 64 bit",
   "package": "",
   "parameters": {
      "configuration": "Default configuration"
   },
   "scenario": "Oddball.sce",
   "subject": "",
   "timestamp": "2019/10/29 11:32:23 GMT"
}
