Scenario - 
Logfile written - 10/03/2019 19:06:58

Subject	Trial	Event Type	Code	Time	TTime	Uncertainty	Duration	Uncertainty	ReqTime	ReqDur	Stim Type	Pair Index

	1	Response	2	15246	15079	0
	3	Response	3	20685	1186	0
	5	Response	1	31565	6565	0
	6	Picture	circle	40166	7167	1	2667	1	7000	2500	other	0
	6	Picture	circle	65166	32166	1	2667	1	32000	2500	hit	6
	6	Response	1	68685	35686	0
	6	Response	1	71965	38966	0
	6	Response	1	74045	41046	0
	6	Response	1	75645	42646	0
	6	Response	1	77805	44806	0
	6	Response	1	79965	46965	1
	6	Response	1	81645	48645	1
	6	Response	1	83645	50645	1
	6	Response	1	86125	53125	0
	6	Response	1	88045	55046	0
	6	Response	1	90205	57206	0
	6	Response	2	91725	58725	0
	6	Picture	circle	94165	61166	1	2667	1	61000	2500	false_alarm	19
	6	Response	2	94845	61845	0
	6	Response	2	97245	64246	0
	6	Response	3	99405	66406	0
	6	Response	3	102605	69606	0
	6	Response	2	104765	71765	0
	6	Response	3	107245	74245	1
	6	Response	2	110525	77526	0
	6	Response	3	112685	79685	0
	6	Response	2	114125	81125	0
	6	Response	3	117165	84166	0
	6	Response	2	120045	87046	0
	6	Picture	circle	120165	87166	1	2667	1	87000	2500	false_alarm	31
	6	Response	3	122285	89285	1
	6	Response	2	124285	91286	0
	6	Response	3	126365	93366	0
	6	Response	2	127965	94965	1
	6	Response	3	130284	97285	1
	6	Response	2	131565	98566	1
	6	Response	3	133884	100885	0
	6	Response	2	134524	101525	0
	6	Response	3	137404	104405	0
	6	Response	2	137565	104565	1
	6	Response	2	139964	106965	1
	6	Response	3	140845	107845	0
	6	Response	2	144524	111525	0
	6	Response	3	144844	111845	0
	6	Picture	circle	147165	114165	1	2667	1	114000	2500	other	0
	6	Picture	circle	176164	143165	1	2667	1	143000	2500	other	0
	6	Picture	circle	201164	168165	1	2667	1	168000	2500	other	0
	6	Quit		222525	189525	NA


{
   "app": "Presentation Version 20.3 Build 02.25.19",
   "device": "To Be Filled By O.E.M. To Be Filled By O.E.M.",
   "experiment": "{DC23946D-9824-436C-AC02-DAA073E16653}",
   "os": "Windows 10 64 bit",
   "package": "",
   "parameters": {
      "configuration": "Default configuration"
   },
   "scenario": "Oddball.sce",
   "subject": "",
   "timestamp": "2019/10/03 17:06:35 GMT"
}
