Scenario - 
Logfile written - 10/29/2019 12:34:38

Subject	Trial	Event Type	Code	Time	TTime	Uncertainty	Duration	Uncertainty	ReqTime	ReqDur	Stim Type	Pair Index

	1	Response	1	5492	5284	0
	2	Response	1	9572	3948	0
	4	Picture	circles;block_1;1	17706	7291	1	1666	1	7000	1500	other	0
	4	Quit		22697	12282	NA


{
   "app": "Presentation Version 20.3 Build 02.25.19",
   "device": "LENOVO 20FMS2L703",
   "experiment": "{DC23946D-9824-436C-AC02-DAA073E16653}",
   "os": "Windows 10 64 bit",
   "package": "",
   "parameters": {
      "configuration": "Default configuration"
   },
   "scenario": "Oddball.sce",
   "subject": "",
   "timestamp": "2019/10/29 11:34:34 GMT"
}
