Scenario - 
Logfile written - 10/03/2019 18:13:16

Subject	Trial	Event Type	Code	Time	TTime	Uncertainty	Duration	Uncertainty	ReqTime	ReqDur	Stim Type	Pair Index

	1	Response	2	3945	3778	0
	2	Response	3	5865	1865	0
	2	Response	3	7865	3865	0
	3	Response	3	9384	1218	0
	4	Response	3	10985	1485	0
	5	Response	1	24025	10359	0
	6	Picture	circle	34999	10167	1	20166	1	10000	20000	other	0
	6	Picture	circle	61999	37166	1	20166	1	37000	20000	miss	0
	6	Picture	circle	86999	62166	1	20166	1	62000	20000	miss	0
	6	Picture	circle	112998	88166	1	20166	1	88000	20000	miss	0
	7	Response	1	158825	25660	0
	8	Sound	sound	165831	6000	1			6000		other	0
	8	Sound	sound	193831	34000	1			34000		miss	0
	8	Sound	sound	223831	64000	1			64000		miss	0
	8	Sound	sound	252831	93000	1			93000		miss	0


{
   "app": "Presentation Version 20.3 Build 02.25.19",
   "device": "To Be Filled By O.E.M. To Be Filled By O.E.M.",
   "experiment": "{DC23946D-9824-436C-AC02-DAA073E16653}",
   "os": "Windows 10 64 bit",
   "package": "",
   "parameters": {
      "configuration": "Default configuration"
   },
   "scenario": "Oddball.sce",
   "subject": "",
   "timestamp": "2019/10/03 16:12:47 GMT"
}
