Scenario - 
Logfile written - 10/03/2019 17:50:22

Subject	Trial	Event Type	Code	Time	TTime	Uncertainty	Duration	Uncertainty	ReqTime	ReqDur	Stim Type	Pair Index

	1	Response	2	4076	3910	0
	2	Response	3	5676	1510	0
	3	Response	3	8477	144	0
	4	Response	3	10476	1810	0
	4	Response	1	11596	2930	0
	5	Response	1	13597	764	0
	6	Picture	circle	23999	9167	1	20166	1	9000	20000	other	0
	6	Picture	circle	51999	37166	1	20166	1	37000	20000	other	0
	6	Picture	circle	76999	62166	1	20166	1	62000	20000	other	0
	6	Picture	circle	104998	90165	1	20166	1	90000	20000	other	0
	6	Picture	circle	131998	117165	1	20166	1	117000	20000	other	0
	6	Picture	circle	156998	142165	1	20166	1	142000	20000	miss	0
	6	Picture	circle	185997	171164	1	20166	1	171000	20000	other	0
	6	Picture	circle	210997	196164	1	20166	1	196000	20000	other	0
	6	Picture	circle	235997	221164	1	20166	1	221000	20000	miss	0
	6	Picture	circle	263997	249164	1	20166	1	249000	20000	miss	0
	6	Picture	circle	290996	276163	1	21666	1	276000	20000	other	0
	7	Sound	sound	321496	9000	1			9000		other	0
	7	Quit		344557	32061	NA


{
   "app": "Presentation Version 20.3 Build 02.25.19",
   "device": "To Be Filled By O.E.M. To Be Filled By O.E.M.",
   "experiment": "{DC23946D-9824-436C-AC02-DAA073E16653}",
   "os": "Windows 10 64 bit",
   "package": "",
   "parameters": {
      "configuration": "Default configuration"
   },
   "scenario": "Oddball.sce",
   "subject": "",
   "timestamp": "2019/10/03 15:49:46 GMT"
}
