Scenario - 
Logfile written - 10/03/2019 20:01:32

Subject	Trial	Event Type	Code	Time	TTime	Uncertainty	Duration	Uncertainty	ReqTime	ReqDur	Stim Type	Pair Index

	1	Response	2	5239	5073	0
	3	Response	3	11559	1560	0
	5	Response	1	23799	7967	0
	6	Picture	circle	32332	7167	1	1667	1	7000	1500	other	0
	6	Picture	circle	61332	36166	1	1667	1	36000	1500	other	0
	6	Picture	circle	89332	64166	1	1667	1	64000	1500	miss	0
	6	Picture	circle	118331	93165	1	1667	1	93000	1500	other	0
	6	Picture	circle	144331	119165	1	1667	1	119000	1500	miss	0
	6	Picture	circle	172331	147165	1	1667	1	147000	1500	other	0
	6	Picture	circle	201330	176165	1	1667	1	176000	1500	other	0
	6	Picture	circle	227330	202164	1	1667	1	202000	1500	miss	0
	6	Picture	circle	253330	228164	1	1667	1	228000	1500	other	0
	6	Picture	circle	278329	253163	1	1833	1	253000	1500	other	0
	7	Response	1	321158	22663	0
	8	Sound	sound	327829	5000	1			5000		other	0
	8	Sound	sound	352829	30000	1			30000		other	0
	8	Sound	sound	378829	56000	1			56000		other	0
	8	Sound	sound	407829	85000	1			85000		miss	0
	8	Sound	sound	435829	113000	1			113000		other	0
	8	Sound	sound	464829	142000	1			142000		miss	0
	8	Sound	sound	493829	171000	1			171000		other	0
	8	Sound	sound	522829	200000	1			200000		other	0
	8	Sound	sound	547829	225000	1			225000		other	0
	8	Sound	sound	575829	253000	1			253000		miss	0


{
   "app": "Presentation Version 20.3 Build 02.25.19",
   "device": "To Be Filled By O.E.M. To Be Filled By O.E.M.",
   "experiment": "{DC23946D-9824-436C-AC02-DAA073E16653}",
   "os": "Windows 10 64 bit",
   "package": "",
   "parameters": {
      "configuration": "Default configuration"
   },
   "scenario": "Oddball.sce",
   "subject": "",
   "timestamp": "2019/10/03 18:00:31 GMT"
}
