Scenario - 
Logfile written - 10/10/2019 14:34:47

Subject	Trial	Event Type	Code	Time	TTime	Uncertainty	Duration	Uncertainty	ReqTime	ReqDur	Stim Type	Pair Index

	1	Response	1	6478	6270	0
	2	Response	1	27168	20503	0
	4	Picture	circle	36870	7291	1	1667	1	7000	1500	false_alarm	4
	4	Response	2	48747	19167	28
	4	Response	3	53817	24238	1
	4	Picture	circle	64784	35204	1	1667	1	35000	1500	miss	0
	4	Picture	circle	89781	60201	1	1667	1	60000	1500	miss	0
	4	Picture	circle	118736	89156	1	1666	1	89000	1500	miss	0
	4	Picture	circle	148733	119153	1	1666	1	119000	1500	other	0
	5	Response	2	237096	68157	0
	7	Response	3	244814	3384	0
	9	Response	1	250398	1260	0
	11	Sound	sound	256221	5000	2			5000		false_alarm	14
	11	Response	1	259594	8373	0
	11	Sound	sound	284221	33000	2			33000		false_alarm	16
	11	Response	1	286375	35154	0
	11	Response	1	295614	44394	0
	11	Response	1	303282	52062	0
	11	Response	1	307773	56553	0
	11	Sound	sound	310221	59000	2			59000		miss	0
	11	Sound	sound	337221	86000	2			86000		miss	0
	11	Sound	sound	363221	112000	2			112000		miss	0
	12	Response	1	414549	30843	0


{
   "app": "Presentation Version 20.3 Build 02.25.19",
   "device": "LENOVO 20FMS2L703",
   "experiment": "{DC23946D-9824-436C-AC02-DAA073E16653}",
   "os": "Windows 10 64 bit",
   "package": "",
   "parameters": {
      "configuration": "Default configuration"
   },
   "scenario": "Oddball.sce",
   "subject": "",
   "timestamp": "2019/10/10 12:34:02 GMT"
}
