Scenario - PCL program_pulse_manager example
Logfile written - 12/11/2018 12:03:13

Subject	Trial	Event Type	Code	Time	TTime	Uncertainty	Duration	Uncertainty	ReqTime	ReqDur	Stim Type	Pair Index

1	1	Sound	sound	22200	8000	2313			8000		false_alarm	7
1	1	Sound	sound	50200	36000	3			36000		false_alarm	8
1	1	Sound	sound	80200	66000	3			66000		false_alarm	9
1	1	Sound	sound	110200	96000	3			96000		hit	11
1	1	Sound	sound	135200	121000	3			121000		false_alarm	12
1	1	Sound	sound	160200	146000	3			146000		false_alarm	13
1	1	Response	1	177193	162993	0
1	1	Response	1	181401	167202	0
1	1	Response	1	186069	171869	0
1	1	Sound	sound	189200	175000	3			175000		false_alarm	14
1	1	Response	1	189879	175679	3
1	1	Response	1	194681	180481	0
1	1	Response	1	199173	184973	0
1	1	Response	1	208870	194670	0
1	1	Sound	sound	214200	200000	3			200000		miss	0
1	1	Quit		232415	218215	NA


{
   "app": "Presentation Version 20.2 Build 07.25.18",
   "device": "LENOVO 20DTCTO1WW",
   "experiment": "{DC23946D-9824-436C-AC02-DAA073E16653}",
   "os": "Windows 10 64 bit",
   "package": "",
   "parameters": {
      "configuration": "Default configuration"
   },
   "scenario": "Oddball.sce",
   "subject": "1",
   "timestamp": "2018/12/11 11:02:49 GMT"
}
