Scenario - PCL program_pulse_manager example
Logfile written - 12/11/2018 12:21:04

Subject	Trial	Event Type	Code	Time	TTime	Uncertainty	Duration	Uncertainty	ReqTime	ReqDur	Stim Type	Pair Index

1	1	Sound	sound	10200	9000	1362			9000		false_alarm	2
1	1	Response	1	18368	17169	0
1	1	Response	1	23328	22129	0
1	1	Quit		28094	26894	NA


{
   "app": "Presentation Version 20.2 Build 07.25.18",
   "device": "LENOVO 20DTCTO1WW",
   "experiment": "{DC23946D-9824-436C-AC02-DAA073E16653}",
   "os": "Windows 10 64 bit",
   "package": "",
   "parameters": {
      "configuration": "Default configuration"
   },
   "scenario": "Oddball.sce",
   "subject": "1",
   "timestamp": "2018/12/11 11:20:58 GMT"
}
