Scenario - 
Logfile written - 09/26/2019 19:22:03

Subject	Trial	Event Type	Code	Time	TTime	Uncertainty	Duration	Uncertainty	ReqTime	ReqDur	Stim Type	Pair Index

1	1	Response	3	50300	47467	0
1	3	Response	3	64621	9956	0
1	4	Response	3	67421	2755	0
1	5	Response	3	71181	2349	0
1	6	Response	2	74461	3128	0
1	7	Response	2	77900	2401	0
1	8	Response	2	81741	3742	0
1	9	Response	2	84621	2455	0
1	10	Response	2	87422	2592	0
1	11	Response	1	90301	1302	0
1	12	Response	1	93580	2581	1
1	12	Response	1	95663	4664	0
1	12	Response	3	103899	12901	2
1	12	Response	2	106060	15062	0
1	12	Response	3	108382	17383	0
1	12	Response	2	110220	19222	0
1	12	Response	3	112461	21462	0
1	12	Response	2	113661	22662	0
1	12	Response	3	116220	25222	0
1	12	Response	2	117502	26504	0
1	12	Response	3	119662	28664	0
1	12	Quit		163981	72982	NA


{
   "app": "Presentation Version 20.3 Build 02.25.19",
   "device": "To Be Filled By O.E.M. To Be Filled By O.E.M.",
   "experiment": "{DC23946D-9824-436C-AC02-DAA073E16653}",
   "os": "Windows 10 64 bit",
   "package": "",
   "parameters": {
      "configuration": "Default configuration"
   },
   "scenario": "Oddball.sce",
   "subject": "1",
   "timestamp": "2019/09/26 17:21:45 GMT"
}
