Scenario - PCL program_pulse_manager example
Logfile written - 07/11/2019 11:29:05

Subject	Trial	Event Type	Code	Time	TTime	Uncertainty	Duration	Uncertainty	ReqTime	ReqDur	Stim Type	Pair Index

1	1	Response	1	12274	10121	0
1	2	Response	1	26353	13992	0
1	3	Response	1	28913	2525	0
1	4	Response	1	78913	49956	0
1	5	Quit		97953	18997	NA


{
   "app": "Presentation Version 20.3 Build 02.25.19",
   "device": "To Be Filled By O.E.M. To Be Filled By O.E.M.",
   "experiment": "{DC23946D-9824-436C-AC02-DAA073E16653}",
   "os": "Windows 10 64 bit",
   "package": "",
   "parameters": {
      "configuration": "Default configuration"
   },
   "scenario": "Oddball.sce",
   "subject": "1",
   "timestamp": "2019/07/11 09:28:53 GMT"
}
