Scenario - PCL program_pulse_manager example
Logfile written - 12/07/2018 00:12:58

Subject	Trial	Event Type	Code	Time	TTime	Uncertainty	Duration	Uncertainty	ReqTime	ReqDur	Stim Type	Pair Index

12	1	Sound	sound	10347	10000	88			10000		false_alarm	3
12	1	Sound	sound	40347	40000	1			40000		hit	6
12	1	Response	1	44459	44112	0
12	1	Sound	sound	69347	69000	1			69000		false_alarm	9
12	1	Sound	sound	94347	94000	1			94000		false_alarm	11
12	1	Response	1	98139	97792	0
12	1	Sound	sound	124347	124000	1			124000		hit	13
12	1	Sound	sound	152347	152000	1			152000		false_alarm	15
12	1	Response	1	156132	155785	7
12	1	Sound	sound	177347	177000	1			177000		false_alarm	17
12	1	Response	1	182859	182512	1
12	1	Sound	sound	202347	202000	1			202000		other	0
12	1	Response	1	206779	206432	0
12	1	Sound	sound	229347	229000	1			229000		other	0
12	1	Response	1	233099	232752	0
12	1	Sound	sound	254347	254000	1			254000		miss	0
12	1	Response	1	257818	257472	0


{
   "app": "Presentation Version 20.2 Build 07.25.18",
   "device": "To Be Filled By O.E.M. To Be Filled By O.E.M.",
   "experiment": "{DC23946D-9824-436C-AC02-DAA073E16653}",
   "os": "Windows 10 64 bit",
   "package": "",
   "parameters": {
      "configuration": "Default configuration"
   },
   "scenario": "Oddball.sce",
   "subject": "12",
   "timestamp": "2018/12/06 23:12:29 GMT"
}
