Scenario - 
Logfile written - 10/04/2019 00:10:42

Subject	Trial	Event Type	Code	Time	TTime	Uncertainty	Duration	Uncertainty	ReqTime	ReqDur	Stim Type	Pair Index

2	1	Response	1	39778	39611	0
2	2	Response	1	54258	14425	0
2	4	Picture	circle	66166	10166	1	1667	1	10000	1500	other	0
2	4	Picture	circle	92165	36166	1	1667	1	36000	1500	miss	0
2	4	Picture	circle	119165	63166	1	1666	1	63000	1500	miss	0
2	4	Picture	circle	149165	93166	1	1667	1	93000	1500	other	0
2	4	Picture	circle	175164	119165	1	1667	1	119000	1500	miss	0
2	5	Quit		327297	131800	NA


{
   "app": "Presentation Version 20.3 Build 02.25.19",
   "device": "To Be Filled By O.E.M. To Be Filled By O.E.M.",
   "experiment": "{DC23946D-9824-436C-AC02-DAA073E16653}",
   "os": "Windows 10 64 bit",
   "package": "",
   "parameters": {
      "configuration": "Default configuration"
   },
   "scenario": "Oddball.sce",
   "subject": "2",
   "timestamp": "2019/10/03 22:10:05 GMT"
}
