Scenario - PCL program_pulse_manager example
Logfile written - 07/11/2019 11:29:38

Subject	Trial	Event Type	Code	Time	TTime	Uncertainty	Duration	Uncertainty	ReqTime	ReqDur	Stim Type	Pair Index

^g	1	Response	1	5135	4093	0
^g	2	Response	2	14095	8887	0
^g	4	Response	3	21615	3143	0
^g	6	Response	2	28095	2262	0
^g	8	Response	3	33695	1543	0
^g	10	Response	2	41055	3209	0
^g	12	Response	3	45534	327	0
^g	13	Response	1	48975	3420	0
^g	14	Response	1	66895	17243	0
^g	15	Response	2	79855	12426	0
^g	15	Response	3	83455	16026	0
^g	15	Response	2	85855	18426	0
^g	15	Response	1	89215	21786	0
^g	15	Response	1	92974	25546	0
^g	15	Response	1	97775	30346	1
^g	15	Response	1	101535	34106	0
^g	15	Response	3	111455	44026	0
^g	15	Response	2	113214	45786	0
^g	15	Response	2	114974	47546	0
^g	15	Response	3	118815	51386	0
^g	15	Response	2	122254	54826	0
^g	15	Response	3	123694	56266	0
^g	15	Response	2	125454	58026	1
^g	15	Response	3	129374	61946	0
^g	15	Response	2	130974	63546	0
^g	15	Response	3	133614	66186	0
^g	15	Response	2	134414	66986	1
^g	15	Response	2	137215	69787	0
^g	15	Response	3	137455	70026	0
^g	15	Response	2	139854	72426	0
^g	15	Response	3	141934	74506	0
^g	15	Response	2	142654	75226	0
^g	15	Response	3	144574	77146	0
^g	15	Response	2	145374	77946	0
^g	15	Response	3	146814	79386	0
^g	15	Response	2	147934	80506	0
^g	15	Response	3	149134	81706	0
^g	15	Response	2	150414	82986	1
^g	15	Response	3	151294	83866	0
^g	15	Response	2	152894	85466	0
^g	15	Response	3	154095	86666	0
^g	15	Response	2	155454	88026	0
^g	15	Response	3	156654	89226	0
^g	15	Response	2	158014	90586	0
^g	15	Response	3	159294	91866	0
^g	15	Response	2	160654	93226	0
^g	15	Response	3	162014	94586	0
^g	15	Response	2	163054	95626	0
^g	15	Response	3	164654	97226	0
^g	15	Response	2	165854	98426	0
^g	15	Response	3	167134	99706	1
^g	15	Response	2	168414	100986	0
^g	15	Response	3	169694	102266	0
^g	15	Response	2	170814	103386	0
^g	15	Response	3	172014	104586	0
^g	15	Response	2	173454	106026	0
^g	15	Response	3	174334	106906	0
^g	15	Quit		192174	124746	NA


{
   "app": "Presentation Version 20.3 Build 02.25.19",
   "device": "To Be Filled By O.E.M. To Be Filled By O.E.M.",
   "experiment": "{DC23946D-9824-436C-AC02-DAA073E16653}",
   "os": "Windows 10 64 bit",
   "package": "",
   "parameters": {
      "configuration": "Default configuration"
   },
   "scenario": "Oddball.sce",
   "subject": "^g",
   "timestamp": "2019/07/11 09:29:17 GMT"
}
