Scenario - 
Logfile written - 10/03/2019 17:44:59

Subject	Trial	Event Type	Code	Time	TTime	Uncertainty	Duration	Uncertainty	ReqTime	ReqDur	Stim Type	Pair Index

a	1	Response	1	7301	7135	0
a	2	Response	2	12341	5008	0
a	4	Response	3	17621	955	0
a	5	Response	1	21380	3714	0
a	6	Response	1	23140	1307	0
a	6	Response	1	24820	2988	1
a	7	Response	2	28901	4068	1
a	7	Picture	circle	34166	9333	1	20369	1	9000	20000	other	0
a	7	Quit		49781	24949	NA


{
   "app": "Presentation Version 20.3 Build 02.25.19",
   "device": "To Be Filled By O.E.M. To Be Filled By O.E.M.",
   "experiment": "{DC23946D-9824-436C-AC02-DAA073E16653}",
   "os": "Windows 10 64 bit",
   "package": "",
   "parameters": {
      "configuration": "Default configuration"
   },
   "scenario": "Oddball.sce",
   "subject": "a",
   "timestamp": "2019/10/03 15:44:53 GMT"
}
