Scenario - 
Logfile written - 10/03/2019 17:44:43

Subject	Trial	Event Type	Code	Time	TTime	Uncertainty	Duration	Uncertainty	ReqTime	ReqDur	Stim Type	Pair Index

a	1	Response	2	3961	3795	0
a	3	Response	3	9321	1154	0
a	5	Response	1	15401	1902	0
a	6	Picture	circle	24999	8167	1	20166	1	8000	20000	other	0
a	6	Picture	circle	52999	36166	1	20166	1	36000	20000	other	0
a	6	Picture	circle	79999	63166	1	20166	1	63000	20000	miss	0
a	6	Picture	circle	105999	89166	1	20166	1	89000	20000	other	0
a	6	Picture	circle	132998	116165	1	20166	1	116000	20000	other	0
a	6	Picture	circle	158998	142165	1	20166	1	142000	20000	miss	0
a	6	Picture	circle	185998	169165	1	20166	1	169000	20000	miss	0
a	6	Picture	circle	215997	199164	1	20166	1	199000	20000	other	0
a	6	Picture	circle	244997	228164	1	20166	1	228000	20000	other	0
a	6	Picture	circle	274996	258164	1	20166	1	258000	20000	other	0
a	6	Picture	circle	300996	284163	1	20166	1	284000	20000	other	0
a	7	Response	1	338041	16879	0
a	8	Sound	sound	348329	9000	1			9000		other	0
a	8	Sound	sound	374329	35000	1			35000		other	0
a	8	Sound	sound	404329	65000	1			65000		miss	0
a	8	Quit		422521	83192	NA


{
   "app": "Presentation Version 20.3 Build 02.25.19",
   "device": "To Be Filled By O.E.M. To Be Filled By O.E.M.",
   "experiment": "{DC23946D-9824-436C-AC02-DAA073E16653}",
   "os": "Windows 10 64 bit",
   "package": "",
   "parameters": {
      "configuration": "Default configuration"
   },
   "scenario": "Oddball.sce",
   "subject": "a",
   "timestamp": "2019/10/03 15:44:00 GMT"
}
