Scenario - 
Logfile written - 10/04/2019 00:13:17

Subject	Trial	Event Type	Code	Time	TTime	Uncertainty	Duration	Uncertainty	ReqTime	ReqDur	Stim Type	Pair Index

a	1	Response	1	6686	6520	0
a	1	Response	1	15726	15559	0
a	1	Response	1	18846	18679	0
a	1	Response	1	22526	22359	0
a	1	Response	1	25566	25400	0
a	1	Response	1	27326	27160	0
a	1	Quit		31726	31559	NA


{
   "app": "Presentation Version 20.3 Build 02.25.19",
   "device": "To Be Filled By O.E.M. To Be Filled By O.E.M.",
   "experiment": "{DC23946D-9824-436C-AC02-DAA073E16653}",
   "os": "Windows 10 64 bit",
   "package": "",
   "parameters": {
      "configuration": "Default configuration"
   },
   "scenario": "Oddball.sce",
   "subject": "a",
   "timestamp": "2019/10/03 22:13:13 GMT"
}
