Scenario - 
Logfile written - 10/04/2019 00:13:51

Subject	Trial	Event Type	Code	Time	TTime	Uncertainty	Duration	Uncertainty	ReqTime	ReqDur	Stim Type	Pair Index

a	1	Response	1	6784	6617	0
a	2	Response	2	12781	5948	0
a	4	Picture	circle	22833	9167	1	1667	1	9050	1500	other	0
a	4	Picture	circle	50833	37166	1	1667	1	36900	1500	miss	0
a	4	Picture	circle	75832	62166	1	1667	1	61960	1500	miss	0
a	4	Picture	circle	102332	88666	1	1667	1	88460	1500	miss	0
a	4	Picture	circle	131665	117999	1	1667	1	117820	1500	other	0
a	5	Response	1	161422	9591	0
a	6	Response	2	167261	5763	0
a	8	Response	3	181902	10404	0
a	10	Quit		193662	7497	NA


{
   "app": "Presentation Version 20.3 Build 02.25.19",
   "device": "To Be Filled By O.E.M. To Be Filled By O.E.M.",
   "experiment": "{DC23946D-9824-436C-AC02-DAA073E16653}",
   "os": "Windows 10 64 bit",
   "package": "",
   "parameters": {
      "configuration": "Default configuration"
   },
   "scenario": "Oddball.sce",
   "subject": "a",
   "timestamp": "2019/10/03 22:13:30 GMT"
}
