Scenario - 
Logfile written - 10/04/2019 00:12:41

Subject	Trial	Event Type	Code	Time	TTime	Uncertainty	Duration	Uncertainty	ReqTime	ReqDur	Stim Type	Pair Index

a	1	Response	1	19252	19086	0
a	2	Response	1	58452	39119	0
a	4	Picture	circle	69499	10166	1	1667	1	10000	1500	other	0
a	4	Picture	circle	95499	36166	1	1666	1	36000	1500	miss	0
a	4	Picture	circle	123498	64166	1	1667	1	64000	1500	miss	0
a	4	Picture	circle	150497	91165	2	1667	2	91000	1500	other	0
a	4	Picture	circle	179497	120164	2	1667	3	120000	1500	miss	0
a	5	Response	1	230212	30548	0
a	6	Response	2	247732	17403	0
a	8	Response	3	254613	2617	0
a	10	Response	1	269172	10175	0
a	12	Sound	sound	275164	5000	2			5000		other	0
a	12	Quit		297012	26849	NA


{
   "app": "Presentation Version 20.3 Build 02.25.19",
   "device": "To Be Filled By O.E.M. To Be Filled By O.E.M.",
   "experiment": "{DC23946D-9824-436C-AC02-DAA073E16653}",
   "os": "Windows 10 64 bit",
   "package": "",
   "parameters": {
      "configuration": "Default configuration"
   },
   "scenario": "Oddball.sce",
   "subject": "a",
   "timestamp": "2019/10/03 22:12:09 GMT"
}
