Scenario - PCL program_pulse_manager example
Logfile written - 11/13/2018 14:23:40

Pulse	Event Type	Code	Time	TTime	Uncertainty	Duration	Uncertainty	ReqTime	ReqDur	Stim Type	Pair Index

1	Pulse	0	0	0	NA
2	Pulse	0	20000	20000	NA
3	Pulse	0	40000	40000	NA
4	Pulse	0	60000	60000	NA
5	Pulse	0	80000	80000	NA
5	Quit		83482	83482	NA


{
   "app": "Presentation Version 20.2 Build 07.25.18",
   "device": "LENOVO 20DTCTO1WW",
   "experiment": "{DC23946D-9824-436C-AC02-DAA073E16653}",
   "os": "Windows 10 64 bit",
   "package": "",
   "parameters": {
      "configuration": "Default configuration"
   },
   "scenario": "Oddball.sce",
   "subject": "",
   "timestamp": "2018/11/13 13:23:29 GMT"
}
