Scenario - 
Logfile written - 10/04/2019 00:19:03

Subject	Trial	Event Type	Code	Time	TTime	Uncertainty	Duration	Uncertainty	ReqTime	ReqDur	Stim Type	Pair Index

robin	1	Response	1	34267	34100	0
robin	2	Response	1	120186	85687	0
robin	4	Picture	circle	127332	6167	1	1667	1	6000	1500	other	0
robin	4	Picture	circle	153331	32166	1	1667	1	32000	1500	miss	0
robin	4	Picture	circle	178331	57166	1	1666	1	57000	1500	miss	0
robin	4	Picture	circle	205331	84166	1	1667	1	84000	1500	miss	0
robin	4	Picture	circle	234330	113165	1	1667	1	113000	1500	other	0
robin	5	Response	2	336827	82330	0
robin	7	Response	3	354828	13666	0
robin	9	Response	1	404586	45424	0
robin	11	Sound	sound	412662	7000	2			7000		other	0
robin	11	Sound	sound	437662	32000	1			32000		other	0
robin	11	Sound	sound	464662	59000	1			59000		miss	0
robin	11	Sound	sound	493662	88000	1			88000		miss	0
robin	11	Sound	sound	518662	113000	2			113000		miss	0
robin	12	Response	1	623387	84393	0


{
   "app": "Presentation Version 20.3 Build 02.25.19",
   "device": "To Be Filled By O.E.M. To Be Filled By O.E.M.",
   "experiment": "{DC23946D-9824-436C-AC02-DAA073E16653}",
   "os": "Windows 10 64 bit",
   "package": "",
   "parameters": {
      "configuration": "Default configuration"
   },
   "scenario": "Oddball.sce",
   "subject": "robin",
   "timestamp": "2019/10/03 22:17:59 GMT"
}
