Scenario - PCL program_pulse_manager example
Logfile written - 09/21/2019 12:53:42

Subject	Trial	Event Type	Code	Time	TTime	Uncertainty	Duration	Uncertainty	ReqTime	ReqDur	Stim Type	Pair Index

robin	1	Response	1	19807	16613	0
robin	2	Response	3	54926	35066	0
robin	4	Response	3	73326	13953	0
robin	6	Response	3	83406	5769	0
robin	8	Response	2	116126	28489	0
robin	10	Response	2	121807	1601	0
robin	12	Response	3	126606	706	0
robin	14	Response	2	140846	10155	0
robin	15	Response	3	143406	2437	0
robin	16	Response	3	147646	2649	0
robin	18	Response	1	154367	2565	0
robin	19	Response	2	199486	44559	0
robin	19	Response	3	205086	50159	0
robin	19	Response	2	208046	53119	0
robin	19	Response	3	209646	54719	0
robin	19	Response	3	233246	78319	1
robin	19	Quit		309167	154239	NA


{
   "app": "Presentation Version 20.3 Build 02.25.19",
   "device": "To Be Filled By O.E.M. To Be Filled By O.E.M.",
   "experiment": "{DC23946D-9824-436C-AC02-DAA073E16653}",
   "os": "Windows 10 64 bit",
   "package": "",
   "parameters": {
      "configuration": "Default configuration"
   },
   "scenario": "Oddball.sce",
   "subject": "robin",
   "timestamp": "2019/09/21 10:53:09 GMT"
}
