Scenario - 
Logfile written - 10/03/2019 16:56:22

Subject	Trial	Event Type	Code	Time	TTime	Uncertainty	Duration	Uncertainty	ReqTime	ReqDur	Stim Type	Pair Index

s	1	Response	2	4570	4405	0
s	3	Response	3	10571	1738	0
s	5	Response	1	16810	2144	0
s	6	Quit		23211	5044	NA


{
   "app": "Presentation Version 20.3 Build 02.25.19",
   "device": "To Be Filled By O.E.M. To Be Filled By O.E.M.",
   "experiment": "{DC23946D-9824-436C-AC02-DAA073E16653}",
   "os": "Windows 10 64 bit",
   "package": "",
   "parameters": {
      "configuration": "Default configuration"
   },
   "scenario": "Oddball.sce",
   "subject": "s",
   "timestamp": "2019/10/03 14:56:19 GMT"
}
