Scenario - 
Logfile written - 10/03/2019 17:45:10

Subject	Trial	Event Type	Code	Time	TTime	Uncertainty	Duration	Uncertainty	ReqTime	ReqDur	Stim Type	Pair Index

sa	1	Response	2	3582	3416	0
sa	2	Response	3	6702	3036	0
sa	3	Response	3	9742	1910	0
sa	5	Response	1	16142	2143	0


{
   "app": "Presentation Version 20.3 Build 02.25.19",
   "device": "To Be Filled By O.E.M. To Be Filled By O.E.M.",
   "experiment": "{DC23946D-9824-436C-AC02-DAA073E16653}",
   "os": "Windows 10 64 bit",
   "package": "",
   "parameters": {
      "configuration": "Default configuration"
   },
   "scenario": "Oddball.sce",
   "subject": "sa",
   "timestamp": "2019/10/03 15:45:07 GMT"
}
