Scenario - Messung von Wechselkosten zwischen geteilter und selektiver Aufmerksamkeit
Logfile written - 11/11/2018 10:59:07

Subject	Trial	Event Type	Code	configuration(num)	runid(str)	blockid(str)	form(str)	character(str)	seperateAttention(num)	target(num)	Time	TTime	Uncertainty	Duration	Uncertainty	ReqTime	ReqDur	Stim Type	Pair Index

11	1	Response	3								12248	12081	0
11	2	Response	3								39927	27582	0
11	3	Response	3								91208	51168	0
11	5	Picture	1;test;block_1;Raute;7;1;0	1	test	block_1	Raute	7	1	0	101434	0	1	2669	1	0	2500	other	0
11	7	Picture	1;test;block_1;Raute;2;1;1	1	test	block_1	Raute	2	1	1	138805	0	1	2669	1	0	2500	hit	6
11	7	Response	1								142487	3682	0
11	10	Picture	1;test;block_1;Kreis;3;1;0	1	test	block_1	Kreis	3	1	0	178011	0	1	2669	1	0	2500	other	0
11	12	Picture	1;test;block_1;Kreis;2;1;1	1	test	block_1	Kreis	2	1	1	211377	0	1	2669	1	0	2500	hit	9
11	12	Response	1								216008	4630	0
11	15	Picture	1;test;block_1;Achteck;7;1;0	1	test	block_1	Achteck	7	1	0	247580	0	1	2669	1	0	2500	other	0
11	17	Picture	1;test;block_1;Raute;4;1;0	1	test	block_1	Raute	4	1	0	288955	0	1	2669	1	0	2500	other	0
11	19	Picture	1;test;block_1;Stern;2;1;1	1	test	block_1	Stern	2	1	1	328327	0	1	2669	1	0	2500	hit	13
11	19	Response	1								332567	4239	0
11	22	Picture	1;test;block_1;Quadrat;3;1;0	1	test	block_1	Quadrat	3	1	0	362028	0	1	2669	1	0	2500	other	0
11	24	Picture	1;test;block_1;Dreieck;2;1;1	1	test	block_1	Dreieck	2	1	1	399398	0	1	2669	1	0	2500	hit	16
11	24	Response	1								403528	4129	0
11	27	Picture	1;test;block_1;Stern;4;1;0	1	test	block_1	Stern	4	1	0	441106	0	1	2669	1	0	2500	other	0
11	28	Response	3								547686	88395	0
11	30	Picture	1;test;block_2;Dreieck;5;3;0	1	test	block_2	Dreieck	5	3	0	558057	0	1	2669	1	0	2500	other	0
11	32	Picture	1;test;block_2;Quadrat;4;3;0	1	test	block_2	Quadrat	4	3	0	591423	0	1	2669	1	0	2500	other	0
11	34	Picture	1;test;block_2;Quadrat;3;3;1	1	test	block_2	Quadrat	3	3	1	618784	0	1	2669	1	0	2500	hit	22
11	34	Response	1								625527	6743	0
11	37	Picture	1;test;block_2;Achteck;7;3;0	1	test	block_2	Achteck	7	3	0	660993	0	1	2669	1	0	2500	other	0
11	39	Picture	1;test;block_2;Quadrat;7;3;0	1	test	block_2	Quadrat	7	3	0	686351	0	1	2669	1	0	2500	other	0
11	41	Picture	1;test;block_2;Raute;2;3;2	1	test	block_2	Raute	2	3	2	717716	0	1	2669	1	0	2500	hit	26
11	41	Response	2								720807	3091	0
11	44	Picture	1;test;block_2;Achteck;9;3;0	1	test	block_2	Achteck	9	3	0	758256	0	1	2669	1	0	2500	other	0
11	46	Picture	1;test;block_2;Achteck;3;3;1	1	test	block_2	Achteck	3	3	1	785617	0	1	2669	1	0	2500	hit	29
11	46	Response	1								791926	6310	0
11	49	Picture	1;test;block_2;Achteck;4;3;0	1	test	block_2	Achteck	4	3	0	823488	0	1	2669	1	0	2500	other	0
11	51	Picture	1;test;block_2;Raute;5;3;2	1	test	block_2	Raute	5	3	2	850849	0	1	2669	1	0	2500	hit	32
11	51	Response	2								854087	3238	0
11	54	Response	3								1235046	60541	0
11	55	Response	3								1307606	72374	0
11	57	Picture	1;selective;block_1;Stern;4;2;0	1	selective	block_1	Stern	4	2	0	1317981	0	1	2669	1	0	2500	other	0
11	59	Picture	1;selective;block_1;Quadrat;3;2;2	1	selective	block_1	Quadrat	3	2	2	1351348	0	1	2669	1	0	2500	hit	37
11	59	Response	2								1359366	8018	0
11	61	Picture	1;selective;block_1;Stern;2;2;0	1	selective	block_1	Stern	2	2	0	1370701	0	1	2669	1	0	2500	other	0
11	63	Picture	1;selective;block_1;Stern;7;2;0	1	selective	block_1	Stern	7	2	0	1398061	0	1	2669	1	0	2500	other	0
11	65	Picture	1;selective;block_1;Achteck;7;2;0	1	selective	block_1	Achteck	7	2	0	1423420	0	1	2669	1	0	2500	other	0
11	67	Picture	1;selective;block_1;Quadrat;4;2;2	1	selective	block_1	Quadrat	4	2	2	1460791	0	1	2669	1	0	2500	hit	42
11	67	Response	2								1464966	4175	0
11	69	Picture	1;selective;block_1;Kreis;2;2;0	1	selective	block_1	Kreis	2	2	0	1480310	0	1	2669	1	0	2500	other	0
11	71	Picture	1;selective;block_1;Achteck;2;2;0	1	selective	block_1	Achteck	2	2	0	1513677	0	1	2669	1	0	2500	other	0
11	73	Picture	1;selective;block_1;Dreieck;4;2;0	1	selective	block_1	Dreieck	4	2	0	1539035	0	1	2669	1	0	2500	other	0
11	75	Picture	1;selective;block_1;Quadrat;5;2;2	1	selective	block_1	Quadrat	5	2	2	1568398	0	1	2669	1	0	2500	hit	47
11	75	Response	2								1571686	3288	0
11	77	Picture	1;selective;block_1;Achteck;4;2;0	1	selective	block_1	Achteck	4	2	0	1578908	0	1	2669	1	0	2500	other	0
11	79	Picture	1;selective;block_1;Quadrat;2;2;2	1	selective	block_1	Quadrat	2	2	2	1604267	0	1	2669	1	0	2500	hit	50
11	79	Response	2								1609605	5338	0
11	81	Picture	1;selective;block_1;Raute;9;2;0	1	selective	block_1	Raute	9	2	0	1620950	0	1	2669	1	0	2500	other	0
11	83	Picture	1;selective;block_1;Kreis;9;2;0	1	selective	block_1	Kreis	9	2	0	1652315	0	1	2669	1	0	2500	other	0
11	85	Picture	1;selective;block_1;Dreieck;9;2;0	1	selective	block_1	Dreieck	9	2	0	1693690	0	1	2669	1	0	2500	other	0
11	87	Picture	1;selective;block_1;Kreis;7;2;0	1	selective	block_1	Kreis	7	2	0	1733062	0	1	2669	1	0	2500	other	0
11	89	Picture	1;selective;block_1;Quadrat;9;2;2	1	selective	block_1	Quadrat	9	2	2	1762425	0	1	2669	1	0	2500	hit	56
11	89	Response	2								1767125	4700	0
11	91	Picture	1;selective;block_1;Achteck;5;2;0	1	selective	block_1	Achteck	5	2	0	1786449	0	1	2669	1	0	2500	other	0
11	93	Picture	1;selective;block_1;Raute;4;2;0	1	selective	block_1	Raute	4	2	0	1827823	0	1	2669	1	0	2500	other	0
11	95	Picture	1;selective;block_1;Quadrat;7;2;2	1	selective	block_1	Quadrat	7	2	2	1851180	0	1	2669	1	0	2500	hit	60
11	95	Response	2								1858565	7385	0
11	97	Picture	1;selective;block_1;Raute;2;2;0	1	selective	block_1	Raute	2	2	0	1871867	0	1	2669	1	0	2500	other	0
11	99	Picture	1;selective;block_1;Dreieck;7;2;0	1	selective	block_1	Dreieck	7	2	0	1897226	0	1	2669	1	0	2500	other	0
11	101	Picture	1;selective;block_1;Raute;7;2;0	1	selective	block_1	Raute	7	2	0	1932595	0	1	2669	1	0	2500	other	0
11	103	Picture	1;selective;block_1;Quadrat;2;2;2	1	selective	block_1	Quadrat	2	2	2	1965961	0	1	2669	1	0	2500	hit	65
11	103	Response	2								1970245	4284	0
11	105	Picture	1;selective;block_1;Kreis;4;2;0	1	selective	block_1	Kreis	4	2	0	1993489	0	1	2669	1	0	2500	other	0
11	107	Picture	1;selective;block_1;Raute;5;2;0	1	selective	block_1	Raute	5	2	0	2016845	0	1	2669	1	0	2500	other	0
11	108	Response	3								2090565	55534	0
11	110	Picture	1;selective;block_2;Stern;9;1;0	1	selective	block_2	Stern	9	1	0	2100929	0	1	2669	1	0	2500	other	0
11	112	Picture	1;selective;block_2;Achteck;2;1;0	1	selective	block_2	Achteck	2	1	0	2128290	0	1	2669	1	0	2500	other	0
11	114	Picture	1;selective;block_2;Quadrat;3;1;0	1	selective	block_2	Quadrat	3	1	0	2157652	0	1	2669	1	0	2500	other	0
11	116	Picture	1;selective;block_2;Kreis;9;1;0	1	selective	block_2	Kreis	9	1	0	2187015	0	1	2669	1	0	2500	other	0
11	118	Picture	1;selective;block_2;Quadrat;4;1;1	1	selective	block_2	Quadrat	4	1	1	2222384	0	1	2669	1	0	2500	hit	74
11	118	Response	1								2227205	4822	0
11	120	Picture	1;selective;block_2;Achteck;7;1;0	1	selective	block_2	Achteck	7	1	0	2234563	0	1	2669	1	0	2500	other	0
11	122	Picture	1;selective;block_2;Raute;3;1;0	1	selective	block_2	Raute	3	1	0	2261923	0	1	2669	1	0	2500	other	0
11	124	Picture	1;selective;block_2;Quadrat;9;1;0	1	selective	block_2	Quadrat	9	1	0	2303298	0	1	2669	1	0	2500	other	0
11	126	Picture	1;selective;block_2;Dreieck;7;1;0	1	selective	block_2	Dreieck	7	1	0	2326654	0	1	2669	1	0	2500	other	0
11	128	Picture	1;selective;block_2;Dreieck;2;1;0	1	selective	block_2	Dreieck	2	1	0	2356017	0	1	2669	1	0	2500	other	0
11	130	Picture	1;selective;block_2;Dreieck;4;1;1	1	selective	block_2	Dreieck	4	1	1	2393388	0	1	2669	1	0	2500	hit	81
11	130	Response	1								2397844	4457	0
11	132	Picture	1;selective;block_2;Kreis;7;1;0	1	selective	block_2	Kreis	7	1	0	2407068	0	1	2669	1	0	2500	other	0
11	134	Picture	1;selective;block_2;Dreieck;9;1;0	1	selective	block_2	Dreieck	9	1	0	2436431	0	1	2669	1	0	2500	other	0
11	136	Picture	1;selective;block_2;Achteck;3;1;0	1	selective	block_2	Achteck	3	1	0	2471799	0	1	2669	1	0	2500	other	0
11	138	Picture	1;selective;block_2;Quadrat;2;1;0	1	selective	block_2	Quadrat	2	1	0	2503164	0	1	2669	1	0	2500	other	0
11	140	Picture	1;selective;block_2;Kreis;4;1;1	1	selective	block_2	Kreis	4	1	1	2538532	0	1	2669	1	0	2500	hit	87
11	140	Response	1								2542245	3712	0
11	142	Picture	1;selective;block_2;Raute;7;1;0	1	selective	block_2	Raute	7	1	0	2551545	0	1	2669	1	0	2500	other	0
11	144	Picture	1;selective;block_2;Stern;4;1;1	1	selective	block_2	Stern	4	1	1	2592920	0	1	2669	1	0	2500	hit	90
11	144	Response	1								2597444	4524	0
11	146	Picture	1;selective;block_2;Raute;2;1;0	1	selective	block_2	Raute	2	1	0	2602763	0	1	2669	1	0	2500	other	0
11	148	Picture	1;selective;block_2;Raute;9;1;0	1	selective	block_2	Raute	9	1	0	2626120	0	1	2669	1	0	2500	other	0
11	150	Picture	1;selective;block_2;Kreis;3;1;0	1	selective	block_2	Kreis	3	1	0	2661489	0	1	2669	1	0	2500	other	0
11	152	Picture	1;selective;block_2;Dreieck;5;1;0	1	selective	block_2	Dreieck	5	1	0	2696857	0	1	2669	1	0	2500	other	0
11	154	Picture	1;selective;block_2;Stern;5;1;0	1	selective	block_2	Stern	5	1	0	2726220	0	1	2669	1	0	2500	other	0
11	156	Picture	1;selective;block_2;Achteck;4;1;1	1	selective	block_2	Achteck	4	1	1	2749576	0	1	2669	1	0	2500	hit	97
11	156	Response	1								2754244	4667	0
11	158	Picture	1;selective;block_2;Achteck;5;1;0	1	selective	block_2	Achteck	5	1	0	2771598	0	1	2669	1	0	2500	other	0
11	160	Picture	1;selective;block_2;Raute;5;1;0	1	selective	block_2	Raute	5	1	0	2794955	0	1	2669	1	0	2500	other	0
11	161	Response	3								2902644	89504	0
11	163	Picture	1;selective;block_3;Dreieck;7;1;0	1	selective	block_3	Dreieck	7	1	0	2912906	0	1	2669	1	0	2500	other	0
11	165	Picture	1;selective;block_3;Raute;4;1;0	1	selective	block_3	Raute	4	1	0	2944271	0	1	2669	1	0	2500	other	0
11	167	Picture	1;selective;block_3;Dreieck;5;1;1	1	selective	block_3	Dreieck	5	1	1	2979639	0	1	2669	1	0	2500	hit	104
11	167	Response	1								2984644	5004	0
11	169	Picture	1;selective;block_3;Achteck;7;1;0	1	selective	block_3	Achteck	7	1	0	2991985	0	1	2669	1	0	2500	other	0
11	171	Picture	1;selective;block_3;Stern;9;1;0	1	selective	block_3	Stern	9	1	0	3019346	0	1	2669	1	0	2500	other	0
11	173	Picture	1;selective;block_3;Dreieck;2;1;0	1	selective	block_3	Dreieck	2	1	0	3042702	0	1	2669	1	0	2500	other	0
11	175	Picture	1;selective;block_3;Kreis;5;1;1	1	selective	block_3	Kreis	5	1	1	3078071	0	1	2669	1	0	2500	hit	109
11	175	Response	1								3085764	7693	0
11	177	Picture	1;selective;block_3;Stern;7;1;0	1	selective	block_3	Stern	7	1	0	3107100	0	1	2669	1	0	2500	other	0
11	179	Picture	1;selective;block_3;Raute;7;1;0	1	selective	block_3	Raute	7	1	0	3134460	0	1	2669	1	0	2500	other	0
11	181	Picture	1;selective;block_3;Stern;3;1;0	1	selective	block_3	Stern	3	1	0	3163823	0	1	2669	1	0	2500	other	0
11	183	Picture	1;selective;block_3;Quadrat;7;1;0	1	selective	block_3	Quadrat	7	1	0	3201194	0	1	2669	1	0	2500	other	0
11	185	Picture	1;selective;block_3;Raute;2;1;0	1	selective	block_3	Raute	2	1	0	3226552	0	1	2669	1	0	2500	other	0
11	187	Picture	1;selective;block_3;Achteck;5;1;1	1	selective	block_3	Achteck	5	1	1	3251911	0	1	2669	1	0	2500	hit	116
11	187	Response	1								3258963	7053	0
11	189	Picture	1;selective;block_3;Dreieck;9;1;0	1	selective	block_3	Dreieck	9	1	0	3264257	0	1	2669	1	0	2500	other	0
11	191	Picture	1;selective;block_3;Achteck;2;1;0	1	selective	block_3	Achteck	2	1	0	3287613	0	1	2669	1	0	2500	other	0
11	193	Picture	1;selective;block_3;Raute;9;1;0	1	selective	block_3	Raute	9	1	0	3326986	0	1	2669	1	0	2500	other	0
11	195	Picture	1;selective;block_3;Kreis;7;1;0	1	selective	block_3	Kreis	7	1	0	3362354	0	1	2669	1	0	2500	other	0
11	197	Picture	1;selective;block_3;Kreis;4;1;0	1	selective	block_3	Kreis	4	1	0	3399725	0	1	2669	1	0	2500	other	0
11	199	Picture	1;selective;block_3;Kreis;3;1;0	1	selective	block_3	Kreis	3	1	0	3441100	0	1	2669	1	0	2500	other	0
11	200	Quit									3461123	1839	NA


{
   "app": "Presentation Version 20.2 Build 07.25.18",
   "device": "LENOVO 20F5S1A600",
   "experiment": "{3EDEE026-D8DC-4466-8CD4-50C9D6AA7BA0}",
   "os": "Windows 10 64 bit",
   "package": "",
   "parameters": {
      "configuration": "Default configuration"
   },
   "scenario": "Swad.sce",
   "subject": "11",
   "timestamp": "2018/11/11 09:53:18 GMT"
}
