Scenario - Messung von Wechselkosten zwischen geteilter und selektiver Aufmerksamkeit
Logfile written - 11/11/2018 09:17:32

Subject	Trial	Event Type	Code	configuration(num)	runid(str)	blockid(str)	form(str)	character(str)	seperateAttention(num)	target(num)	Time	TTime	Uncertainty	Duration	Uncertainty	ReqTime	ReqDur	Stim Type	Pair Index

xx	1	Response	3								25538	25372	0
xx	2	Response	3								40019	14327	0
xx	3	Response	3								81058	40852	0
xx	5	Picture	1;test;block_1;Raute;4;1;0	1	test	block_1	Raute	4	1	0	91424	0	1	2669	1	0	2500	other	0
xx	7	Picture	1;test;block_1;Stern;2;1;1	1	test	block_1	Stern	2	1	1	122789	0	1	2669	1	0	2500	miss	0
xx	10	Picture	1;test;block_1;Kreis;9;1;0	1	test	block_1	Kreis	9	1	0	180346	0	1	2669	1	0	2500	other	0
xx	12	Picture	1;test;block_1;Dreieck;2;1;1	1	test	block_1	Dreieck	2	1	1	219719	0	1	2669	1	0	2500	miss	0
xx	15	Picture	1;test;block_1;Raute;9;1;0	1	test	block_1	Raute	9	1	0	271270	0	1	2669	1	0	2500	other	0
xx	17	Picture	1;test;block_1;Achteck;3;1;0	1	test	block_1	Achteck	3	1	0	296629	0	1	2669	1	0	2500	other	0
xx	19	Picture	1;test;block_1;Quadrat;2;1;1	1	test	block_1	Quadrat	2	1	1	331998	0	1	2669	1	0	2500	miss	0
xx	22	Picture	1;test;block_1;Kreis;7;1;0	1	test	block_1	Kreis	7	1	0	385551	0	1	2669	1	0	2500	other	0
xx	24	Picture	1;test;block_1;Achteck;2;1;1	1	test	block_1	Achteck	2	1	1	416916	0	1	2669	1	0	2500	miss	0
xx	27	Picture	1;test;block_1;Stern;7;1;0	1	test	block_1	Stern	7	1	0	460459	0	1	2669	1	0	2500	other	0
xx	28	Quit									567778	89134	NA


{
   "app": "Presentation Version 20.2 Build 07.25.18",
   "device": "LENOVO 20F5S1A600",
   "experiment": "{3EDEE026-D8DC-4466-8CD4-50C9D6AA7BA0}",
   "os": "Windows 10 64 bit",
   "package": "",
   "parameters": {
      "configuration": "Default configuration"
   },
   "scenario": "Swad.sce",
   "subject": "xx",
   "timestamp": "2018/11/11 08:16:31 GMT"
}
