Scenario - Messung von Wechselkosten zwischen geteilter und selektiver Aufmerksamkeit
Logfile written - 02/28/2019 19:13:53

Subject	Trial	Event Type	Code	configuration(num)	runid(str)	blockid(str)	form(str)	character(str)	seperateAttention(num)	target(num)	Time	TTime	Uncertainty	Duration	Uncertainty	ReqTime	ReqDur	Stim Type	Pair Index

1	1	Response	3								19395	19326	0
1	2	Response	3								29715	10271	0
1	3	Response	3								83555	53764	0
1	5	Picture	1;test;block_1;Stern;7;1;0	1	test	block_1	Stern	7	1	0	93679	0	1	2569	1	0	2500	other	0
1	6	Quit									119315	7581	NA


{
   "app": "Presentation Version 20.2 Build 07.25.18",
   "device": "To Be Filled By O.E.M. To Be Filled By O.E.M.",
   "experiment": "{3EDEE026-D8DC-4466-8CD4-50C9D6AA7BA0}",
   "os": "Windows 10 64 bit",
   "package": "",
   "parameters": {
      "configuration": "Default configuration"
   },
   "scenario": "Swad.sce",
   "subject": "1",
   "timestamp": "2019/02/28 18:13:39 GMT"
}
