Scenario - Messung von Wechselkosten zwischen geteilter und selektiver Aufmerksamkeit
Logfile written - 02/28/2019 19:16:22

Subject	Trial	Event Type	Code	configuration(num)	runid(str)	blockid(str)	form(str)	character(str)	seperateAttention(num)	target(num)	Time	TTime	Uncertainty	Duration	Uncertainty	ReqTime	ReqDur	Stim Type	Pair Index

1	1	Response	3								25281	25212	0
1	2	Response	3								36401	11054	0
1	3	Response	3								51841	15384	0
1	5	Response	2								61920	47	1
1	5	Picture	1;test;block_1;Raute;7;1;0	1	test	block_1	Raute	7	1	0	61943	69	1	69	1	0	2500	other	0
1	7	Picture	1;test;block_1;Achteck;2;1;1	1	test	block_1	Achteck	2	1	1	67082	0	1	2569	1	0	2500	incorrect	7
1	7	Response	2								70880	3799	0
1	10	Picture	1;test;block_1;Quadrat;7;1;0	1	test	block_1	Quadrat	7	1	0	107984	0	1	2569	1	0	2500	other	0
1	12	Picture	1;test;block_1;Dreieck;2;1;1	1	test	block_1	Dreieck	2	1	1	131108	0	1	2569	1	0	2500	miss	0
1	15	Picture	1;test;block_1;Quadrat;3;1;0	1	test	block_1	Quadrat	3	1	0	174371	0	1	2569	1	0	2500	other	0
1	17	Picture	1;test;block_1;Stern;2;1;1	1	test	block_1	Stern	2	1	1	207565	0	1	2569	1	0	2500	miss	0
1	20	Picture	1;test;block_1;Raute;9;1;0	1	test	block_1	Raute	9	1	0	258745	0	1	2569	1	0	2500	other	0
1	22	Picture	1;test;block_1;Raute;2;1;1	1	test	block_1	Raute	2	1	1	291869	0	1	2569	1	0	2500	miss	0
1	25	Picture	1;test;block_1;Stern;7;1;0	1	test	block_1	Stern	7	1	0	349090	0	1	2569	1	0	2500	other	0
1	27	Picture	1;test;block_1;Raute;3;1;0	1	test	block_1	Raute	3	1	0	378187	0	1	2569	1	0	2500	other	0
1	28	Quit									1413838	1017527	NA


{
   "app": "Presentation Version 20.2 Build 07.25.18",
   "device": "To Be Filled By O.E.M. To Be Filled By O.E.M.",
   "experiment": "{3EDEE026-D8DC-4466-8CD4-50C9D6AA7BA0}",
   "os": "Windows 10 64 bit",
   "package": "",
   "parameters": {
      "configuration": "Default configuration"
   },
   "scenario": "Swad.sce",
   "subject": "1",
   "timestamp": "2019/02/28 18:13:57 GMT"
}
