Scenario - Messung von Wechselkosten zwischen geteilter und selektiver Aufmerksamkeit
Logfile written - 11/11/2018 11:01:10

Subject	Trial	Event Type	Code	configuration(num)	runid(str)	blockid(str)	form(str)	character(str)	seperateAttention(num)	target(num)	Time	TTime	Uncertainty	Duration	Uncertainty	ReqTime	ReqDur	Stim Type	Pair Index

66	1	Response	3								18746	18580	0
66	2	Response	3								29947	11095	0
66	3	Response	3								113786	83757	0
66	5	Picture	3;test;block_1;Dreieck;9;1;0	3	test	block_1	Dreieck	9	1	0	124124	0	1	2669	1	0	2500	other	0
66	7	Picture	3;test;block_1;Quadrat;2;1;1	3	test	block_1	Quadrat	2	1	1	157490	0	1	2669	1	0	2500	miss	0
66	10	Picture	3;test;block_1;Stern;5;1;0	3	test	block_1	Stern	5	1	0	211044	0	1	2669	1	0	2500	other	0
66	12	Picture	3;test;block_1;Kreis;2;1;1	3	test	block_1	Kreis	2	1	1	240406	0	1	2669	1	0	2500	miss	0
66	12	Quit									253866	13460	NA


{
   "app": "Presentation Version 20.2 Build 07.25.18",
   "device": "LENOVO 20F5S1A600",
   "experiment": "{3EDEE026-D8DC-4466-8CD4-50C9D6AA7BA0}",
   "os": "Windows 10 64 bit",
   "package": "",
   "parameters": {
      "configuration": "Default configuration"
   },
   "scenario": "Swad.sce",
   "subject": "66",
   "timestamp": "2018/11/11 10:00:42 GMT"
}
