Scenario - GoNoGo_Modifiziert
Logfile written - 01/30/2018 11:43:21

Trial	Event Type	Code	Time	TTime	Uncertainty	Duration	Uncertainty	ReqTime	ReqDur	Stim Type	Pair Index

0	Text Input	test	54925	54925	0
0	Text Input	1	70535	70535	0
1	Response	2	81320	10518	0
2	Response	2	106251	24778	0
4	Response	2	170605	39001	0
5	Response	2	179960	9297	0
7	Response	2	211602	6311	0
8	Response	2	258195	46461	0
9	Response	2	279390	21177	0
10	Response	2	292159	8751	0
11	Response	2	300240	7973	0
12	Response	2	305145	4826	0
12	Response	2	313308	12988	0
12	Response	2	319880	19560	0
13	Response	2	325502	15	0
14	Response	2	338036	12348	0
15	Response	2	343338	5168	0
16	Response	2	363261	19856	0
16	Response	2	375953	32548	0
16	Response	2	381970	38565	0
16	Response	2	389578	46173	0
16	Response	2	403857	60452	0
16	Response	2	412021	68616	0
17	Response	2	422884	9416	0
18	Response	2	447967	25065	0
19	Response	2	466299	18202	0
19	Response	2	481136	33038	0
19	Response	2	498992	50894	0
20	Response	2	542424	24263	0
21	Response	2	554796	12274	0
22	Response	2	561290	5279	0
22	Quit		572033	16022	NA


Event Type	Code	Type	Response	RT	RT Uncertainty	Time	Uncertainty	Duration	Uncertainty	ReqTime	ReqDur

Picture		false_alarm	2	10518	1	70802	1	10671	1	0	next
Picture		false_alarm	2	24778	1	81473	1	24965	1	0	next
Picture		false_alarm	2	39001	1	131604	1	39058	1	0	next
Picture		false_alarm	2	9297	1	170662	1	9463	1	0	next
Picture		false_alarm	2	6311	1	205292	1	6443	1	0	next
Picture		false_alarm	2	46461	1	211734	1	46479	231	0	next
Picture		false_alarm	2	8751	1	283408	1	8859	1	0	next
Picture		false_alarm	2	7973	1	292267	1	8053	1	0	next
Picture		false_alarm	2	15	1	325486	1	201	1	0	next
Picture		false_alarm	2	12348	1	325688	1	12483	1	0	next
Picture		false_alarm	2	5168	1	338170	1	5235	1	0	next
Picture		false_alarm	2	9416	1	413468	1	9433	232	0	next
Picture		false_alarm	2	25065	232	422901	232	25196	232	0	next
Picture		false_alarm	2	24263	1	518161	1	24361	1	0	next
Picture		false_alarm	2	5279	1	556011	1	20423	1	0	next
