Scenario - GoNoGo_Original
Logfile written - 11/25/2014 16:16:11

Trial	Event Type	Code	Time	TTime	Uncertainty	Duration	Uncertainty	ReqTime	ReqDur	Stim Type	Pair Index

0	Text Input	test1	20803	20803	1
0	Text Input	1	32242	32242	1
1	Response	2	46081	13389	1
2	Response	2	54241	8045	1
3	Response	2	74880	20507	1
4	Response	2	86159	6771	1
5	Response	2	93279	6886	1
7	Response	2	120957	2545	1
8	Response	2	126957	5881	1
9	Response	2	151599	24514	1
10	Response	2	158121	6021	1
11	Response	2	166155	7884	1
13	Response	2	193674	2383	1
14	Response	2	199913	6125	1
15	Response	2	205353	5223	1
17	Response	2	498857	223348	1
18	Response	2	504537	5558	1
20	Response	2	900756	326060	1
28	Quit		991392	2436


Event Type	Code	Type	Response	RT	RT Uncertainty	Time	Uncertainty	Duration	Uncertainty	ReqTime	ReqDur

Picture		false_alarm	2	13389	2	32692	1	13504	8	0	next
Picture		false_alarm	2	8045	8	46196	7	8177	8	0	next
Picture		false_alarm	2	6771	2	79388	1	7005	2	0	next
Picture		false_alarm	2	6886	2	86393	1	6999	8	0	next
Picture		false_alarm	2	2545	3	118412	2	2664	9	0	next
Picture		false_alarm	2	5881	8	121076	7	6009	8	0	next
Picture		false_alarm	2	6021	2	152100	1	6171	2	0	next
Picture		false_alarm	2	7884	2	158271	1	8000	8	0	next
Picture		false_alarm	2	2383	3	191291	2	2497	10	0	next
Picture		false_alarm	2	6125	9	193788	8	6342	9	0	next
Picture		false_alarm	2	5223	2	200130	1	5337	2	0	next
Picture		false_alarm	2	223348	4	275509	3	223470	11	0	next
Picture		false_alarm	2	5558	9	498979	8	5675	9	0	next
Picture		false_alarm	2	326060	5	574696	4	326205	5	0	next
Picture		other				913909	2	20179	6	0	next
Picture		other				963607	1	20179	3	0	next
