Scenario - GoNoGo_Original
Logfile written - 11/25/2014 16:27:36

Trial	Event Type	Code	Time	TTime	Uncertainty	Duration	Uncertainty	ReqTime	ReqDur	Stim Type	Pair Index

0	Text Input	test1	47109	47109	1
0	Text Input	1	65908	65908	1
1	Response	2	74787	8574	1
2	Response	2	98946	23894	1
4	Response	2	142224	18142	1
5	Response	2	149743	7316	1
7	Response	2	183341	8393	1
8	Response	2	190221	6773	1
10	Response	2	235179	19873	1
11	Response	2	240938	5619	1
13	Response	2	278216	12045	1
14	Response	2	283576	5230	1
15	Response	2	293335	9657	1
17	Response	2	364932	1537	1
18	Response	2	372371	7309	1
19	Response	2	425648	53245	1
20	Response	2	446607	4159	1
22	Response	1	469808	9349	1
30	Response	1	570362	13343	1
38	Response	1	673875	14125	1
42	Response	1	716836	13058	1
50	Response	1	825307	15297	1
61	Response	2	1001378	21101	1
62	Response	2	1042336	40872	1
62	Response	2	1062654	61190	1
63	Response	2	1078653	7147	1
64	Response	2	1084093	5247	1
65	Response	1	1145770	61589	1
66	Response	2	1157849	3624	1
68	Response	1	1174566	6500	3
76	Response	1	1275443	8146	1
84	Response	1	1368878	8690	1
96	Response	1	1531508	7384	2
100	Response	1	1579506	7519	2
107	Response	2	1669102	22569	1
108	Response	2	1680541	11327	1
110	Response	2	1758458	7694	1
111	Response	2	1767896	9293	1
112	Response	2	1837093	69152	1
113	Response	2	1865891	27905	1
115	Response	1	1894374	13194	1
119	Response	1	1944927	10047	1
131	Response	1	2084120	7151	1
135	Response	1	2134358	14696	1
147	Response	1	2286110	9850	1
151	Response	1	2327146	7859	1
163	Response	1	2483221	9172	1
167	Response	1	2523536	7126	1
175	Response	1	2614733	12436	1
179	Response	1	2663689	8527	1
191	Response	1	2810723	7467	1
194	Response	2	2855358	14250	1
195	Response	1	2868877	13423	1
195	Response	2	2910076	54622	1
196	Response	2	2938794	13295	1
197	Response	2	2945754	6747	1
198	Response	2	3010950	65105	1
199	Response	2	3026549	10661	1
209	Response	1	3163582	7773	1
217	Response	1	3250777	8414	1
225	Response	1	3339093	7007	1
229	Response	1	3371331	9060	1
237	Response	1	3483965	9123	1
249	Response	1	3624037	8107	1
253	Response	1	3664755	15137	1
261	Response	1	3772030	11176	1
273	Response	1	3936501	7709	1
277	Response	1	3984500	7345	1
280	Response	2	4018254	13249	3
282	Response	2	4125131	36740	1
283	Response	2	4137210	11962	1
285	Response	2	4231125	23826	1
287	Response	1	4259523	18203	1
291	Response	1	4307840	12653	1
299	Response	1	4403276	9360	1
307	Response	1	4496313	6673	1
311	Response	1	4532630	8133	1
319	Response	1	4643025	9293	1
327	Response	1	4734058	12271	1
335	Response	1	4849972	12279	1
339	Response	1	4888049	9998	2
347	Response	1	4985165	8385	1
351	Response	1	5033242	14940	1
359	Response	1	5136597	12225	1
363	Response	1	5185554	8316	1
366	Response	2	5229552	28633	1
367	Response	2	5279709	50105	1
367	Response	2	5285309	55705	1
368	Response	2	5312907	13259	1
369	Response	2	5322830	9841	1
371	Response	2	5396343	3304	1
373	Response	1	5426021	16972	1
385	Response	1	5573293	8146	1
397	Response	1	5717046	6975	1
401	Response	1	5759203	9107	1
405	Response	1	5808642	13852	1
413	Response	1	5925758	11059	1
417	Response	1	5964552	8161	1
425	Response	1	6073426	9968	1
429	Response	1	6116944	15462	1
437	Response	1	6208859	8318	1
441	Response	1	6248457	9056	1
452	Response	2	6392610	11787	1


Event Type	Code	Type	Response	RT	RT Uncertainty	Time	Uncertainty	Duration	Uncertainty	ReqTime	ReqDur

Picture		false_alarm	2	8574	3	66213	2	8839	3	0	next
Picture		false_alarm	2	23894	2	75052	1	24010	15	0	next
Picture		false_alarm	2	18142	5	124082	4	18345	7	0	next
Picture		false_alarm	2	7316	4	142427	3	7505	4	0	next
Picture		false_alarm	2	8393	2	174948	1	8500	8	0	next
Picture		false_alarm	2	6773	8	183448	7	6838	14	0	next
Picture		false_alarm	2	19873	3	215306	2	20013	3	0	next
Picture		false_alarm	2	5619	2	235319	1	5832	10	0	next
Picture		false_alarm	2	12045	3	266171	2	12175	3	0	next
Picture		false_alarm	2	5230	2	278346	1	5332	7	0	next
Picture		false_alarm	2	9657	7	283678	6	9676	12	0	next
Picture		false_alarm	2	1537	9	363395	8	1667	16	0	next
Picture		false_alarm	2	7309	9	365062	8	7341	13	0	next
Picture		false_alarm	2	4159	2	442448	1	4335	4	0	next
Picture		false_alarm	1	9349	3	460459	2	9506	4	0	next
Picture		other				502986	1	20179	2	0	next
Picture		false_alarm	1	13343	4	557019	3	13509	4	0	next
Picture		other				602548	1	20179	3	0	next
Picture		false_alarm	1	14125	3	659750	2	14175	5	0	next
Picture		false_alarm	1	13058	2	703778	1	13175	2	0	next
Picture		other				752142	1	20179	2	0	next
Picture		false_alarm	1	15297	4	810010	3	15344	4	0	next
Picture		other				870049	1	20179	2	0	next
Picture		other				931752	4	20181	5	0	next
Picture		false_alarm	2	21101	10	980277	9	21187	10	0	next
Picture		false_alarm	2	7147	4	1071506	3	7340	4	0	next
Picture		false_alarm	2	5247	2	1078846	1	5335	5	0	next
Picture		false_alarm	2	3624	4	1154225	3	3670	6	0	next
Picture		false_alarm	1	6500	7	1168066	4	6673	5	0	next
Picture		other				1207092	1	20179	3	0	next
Picture		false_alarm	1	8146	2	1267297	1	8167	8	0	next
Picture		other				1307322	1	20179	2	0	next
Picture		false_alarm	1	8690	2	1360188	1	8839	2	0	next
Picture		other				1408551	2	20180	3	0	next
Picture		other				1466588	1	20179	2	0	next
Picture		false_alarm	1	7384	3	1524124	1	7504	2	0	next
Picture		false_alarm	1	7519	3	1571987	1	7671	2	0	next
Picture		other				1606174	2	20179	4	0	next
Picture		false_alarm	2	22569	2	1646533	1	22681	2	0	next
Picture		false_alarm	2	11327	2	1669214	1	11507	2	0	next
Picture		false_alarm	2	7694	4	1750764	3	7839	4	0	next
Picture		false_alarm	2	9293	2	1758603	1	9338	5	0	next
Picture		false_alarm	2	27905	4	1837986	3	28017	6	0	next
Picture		false_alarm	1	13194	2	1881180	1	13342	2	0	next
Picture		false_alarm	1	10047	2	1934880	1	10173	2	0	next
Picture		other				1980573	4	20182	5	0	next
Picture		other				2028772	1	20179	2	0	next
Picture		false_alarm	1	7151	2	2076969	1	7171	2	0	next
Picture		false_alarm	1	14696	2	2119662	1	14843	2	0	next
Picture		other				2179866	1	20180	2	0	next
Picture		other				2233065	3	20179	6	0	next
Picture		false_alarm	1	9850	2	2276260	1	10006	2	0	next
Picture		false_alarm	1	7859	2	2319287	1	8005	2	0	next
Picture		other				2370152	1	20179	2	0	next
Picture		other				2423352	1	20179	2	0	next
Picture		false_alarm	1	9172	5	2474049	4	9339	7	0	next
Picture		false_alarm	1	7126	2	2516410	1	7171	2	0	next
Picture		other				2551599	1	20177	4	0	next
Picture		false_alarm	1	12436	2	2602297	1	12508	2	0	next
Picture		false_alarm	1	8527	4	2655162	3	8673	4	0	next
Picture		other				2694353	3	20181	4	0	next
Picture		other				2747553	3	20180	5	0	next
Picture		false_alarm	1	7467	2	2803256	1	7504	2	0	next
Picture		false_alarm	2	14250	10	2841108	9	14346	11	0	next
Picture		false_alarm	2	13295	2	2925499	1	13508	2	0	next
Picture		false_alarm	2	6747	2	2939007	1	6838	2	0	next
Picture		false_alarm	2	10661	3	3015888	2	10841	3	0	next
Picture		other				3041905	1	20179	2	0	next
Picture		other				3102609	1	20180	2	0	next
Picture		false_alarm	1	7773	2	3155809	1	7838	2	0	next
Picture		other				3189163	1	20180	2	0	next
Picture		false_alarm	1	8414	2	3242363	1	8506	2	0	next
Picture		other				3281388	1	20179	2	0	next
Picture		false_alarm	1	7007	2	3332086	1	7171	2	0	next
Picture		false_alarm	1	9060	2	3362271	1	9173	2	0	next
Picture		other				3414304	1	20179	2	0	next
Picture		false_alarm	1	9123	2	3474842	1	9172	2	0	next
Picture		other				3509530	1	20179	2	0	next
Picture		other				3562730	1	20178	5	0	next
Picture		false_alarm	1	8107	2	3615930	1	8171	3	0	next
Picture		false_alarm	1	15137	2	3649618	1	15176	2	0	next
Picture		other				3697814	2	20179	4	0	next
Picture		false_alarm	1	11176	2	3760854	1	11340	2	0	next
Picture		other				3810051	1	20179	2	0	next
Picture		other				3875592	1	20179	2	0	next
Picture		false_alarm	1	7709	2	3928792	1	7838	2	0	next
Picture		false_alarm	1	7345	2	3977155	1	7505	2	0	next
Picture		false_alarm	2	13249	7	4005005	4	13343	5	0	next
Picture		false_alarm	2	36740	3	4088391	2	36857	3	0	next
Picture		false_alarm	2	11962	2	4125248	1	12007	2	0	next
Picture		false_alarm	2	23826	2	4207299	1	23847	6	0	next
Picture		false_alarm	1	18203	2	4241320	1	18345	2	0	next
Picture		false_alarm	1	12653	2	4295187	1	12675	2	0	next
Picture		other				4345719	1	20179	2	0	next
Picture		false_alarm	1	9360	2	4393916	1	9505	3	0	next
Picture		other				4438944	1	20179	2	0	next
Picture		false_alarm	1	6673	4	4489640	3	6840	4	0	next
Picture		false_alarm	1	8133	2	4524497	1	8172	2	0	next
Picture		other				4575529	1	20179	2	0	next
Picture		false_alarm	1	9293	2	4633732	1	9339	2	0	next
Picture		other				4673590	1	20180	2	0	next
Picture		false_alarm	1	12271	2	4721787	1	12341	2	0	next
Picture		other				4776988	1	20179	2	0	next
Picture		false_alarm	1	12279	2	4837693	1	12341	2	0	next
Picture		false_alarm	1	9998	3	4878051	1	10173	2	0	next
Picture		other				4916242	1	20179	2	0	next
Picture		false_alarm	1	8385	2	4976780	1	8505	2	0	next
Picture		false_alarm	1	14940	6	5018302	5	15013	6	0	next
Picture		other				5073673	1	20180	2	0	next
Picture		false_alarm	1	12225	2	5124372	1	12340	6	0	next
Picture		false_alarm	1	8316	2	5177238	1	8339	2	0	next
Picture		false_alarm	2	28633	3	5200919	2	28685	3	0	next
Picture		false_alarm	2	13259	2	5299648	1	13341	6	0	next
Picture		false_alarm	2	9841	6	5312989	5	10007	6	0	next
Picture		false_alarm	2	3304	3	5393039	2	3336	3	0	next
Picture		false_alarm	1	16972	3	5409049	2	17011	3	0	next
Picture		other				5454075	6	20015	8	0	next
Picture		other				5516950	1	20179	3	0	next
Picture		false_alarm	1	8146	2	5565147	1	8172	2	0	next
Picture		other				5616179	1	20179	2	0	next
Picture		other				5666877	1	20179	2	0	next
Picture		false_alarm	1	6975	2	5710071	1	7004	2	0	next
Picture		false_alarm	1	9107	2	5750096	1	9172	2	0	next
Picture		false_alarm	1	13852	2	5794790	1	14009	2	0	next
Picture		other				5854157	5	20016	10	0	next
Picture		false_alarm	1	11059	2	5914699	1	11173	2	0	next
Picture		false_alarm	1	8161	2	5956391	1	8339	2	0	next
Picture		other				6010258	1	20179	3	0	next
Picture		false_alarm	1	9968	2	6063458	1	10006	2	0	next
Picture		false_alarm	1	15462	2	6101482	1	15510	2	0	next
Picture		other				6157350	1	20179	2	0	next
Picture		false_alarm	1	8318	7	6200541	6	8341	7	0	next
Picture		false_alarm	1	9056	2	6239401	1	9173	2	0	next
Picture		other				6284096	1	20179	2	0	next
Picture		other				6344800	2	20178	5	0	next
