Scenario - GoNoGo_Modifiziert
Logfile written - 03/15/2018 10:35:19

Trial	Event Type	Code	Time	TTime	Uncertainty	Duration	Uncertainty	ReqTime	ReqDur	Stim Type	Pair Index

0	Text Input	111	22251	22251	0
0	Text Input	1	41757	41757	0
1	Response	2	62393	20276	0
2	Response	2	142536	80038	0
3	Response	2	162617	19932	0
4	Response	2	196921	29111	0
5	Response	2	215572	18417	0
7	Response	2	257974	17171	0
8	Response	2	269553	11542	0
9	Response	2	291220	21440	0
10	Response	2	318289	23383	0
11	Response	2	329789	11407	0
12	Response	2	351221	21286	0
13	Response	2	393944	38883	0
14	Response	2	426655	32529	0
15	Response	2	438390	11619	0
16	Response	2	450047	11539	0
16	Response	2	459163	20655	0
16	Response	2	470424	31915	0
16	Response	2	481604	43096	0
16	Response	2	490242	51734	0
16	Response	2	498245	59737	0
17	Response	2	527856	19290	0
18	Response	2	562631	34624	0
19	Response	2	580009	17339	0
19	Response	2	589681	27011	0
19	Response	2	605391	42721	0
19	Response	2	613554	50884	0
19	Response	2	632442	69772	0
20	Response	2	652998	20269	0
22	Response	1	673325	9785	0
24	Response	1	690146	11567	0
26	Response	1	706331	2816	0
28	Response	1	712429	839	0
28	Response	1	718525	6934	0
28	Response	1	724543	12953	0
29	Response	1	730957	3960	0
30	Response	1	737055	155	0
32	Response	1	745135	2917	0
33	Response	1	765849	156	0
33	Response	1	771866	6172	0
34	Response	1	781220	7090	0
37	Response	1	808607	8067	0
38	Response	1	815898	1420	0
40	Response	1	829223	8143	0
40	Response	1	836988	15908	0
41	Response	1	843722	5219	0
42	Response	1	856493	2951	0
46	Response	1	895641	3952	0
50	Response	1	932404	4585	0
53	Response	1	967740	13695	0
54	Response	1	974869	6336	0
58	Response	1	1006550	3903	0
61	Response	1	1072005	49977	0
61	Response	1	1080009	57981	0
61	Response	1	1083564	61536	0
61	Response	2	1088061	66033	0
62	Response	2	1104408	16299	0
62	Response	2	1115034	26925	0
62	Response	2	1129075	40966	0
62	Response	2	1135809	47699	0
62	Response	2	1149453	61344	0
63	Response	2	1163735	5566	0
64	Response	2	1176903	13048	0
65	Response	2	1188164	11105	0
65	Response	2	1194499	17440	0
65	Response	2	1231342	54283	0
66	Response	2	1248721	1603	0
68	Response	1	1266590	3516	0
72	Response	1	1314083	5159	0
76	Response	1	1356970	5130	0
80	Response	1	1393737	5402	0
84	Response	1	1434320	4170	0
89	Response	1	1471964	2752	0
90	Response	1	1478856	4506	0
92	Response	1	1511886	6725	0
96	Response	1	1548333	8509	0
100	Response	1	1586763	5491	0
104	Response	1	1617728	6194	0
107	Response	2	1744893	105179	0
108	Response	2	1780863	35815	0
109	Response	2	1791970	10975	0
109	Response	2	1798304	17310	0
109	Response	2	1824824	43829	0
110	Response	2	1853645	2592	0
111	Response	2	1892637	38833	0
112	Response	2	1904217	11533	0
112	Response	2	1928588	35904	0
112	Response	2	1948828	56144	0
113	Response	2	1989566	26823	0
115	Response	1	2006557	6587	0
119	Response	1	2039903	132	0
123	Response	1	2074282	4066	0
126	Response	1	2110406	5711	0
127	Response	1	2117455	2673	0
131	Response	1	2146271	5814	0
136	Response	1	2188758	4467	0
139	Response	1	2219166	2047	0
143	Response	1	2255217	5636	0
147	Response	1	2302632	7018	0
151	Response	1	2347184	6453	0
155	Response	1	2391180	3319	0
159	Response	1	2428738	4560	0
162	Response	1	2469076	9723	0
162	Response	2	2490575	31221	0
163	Response	2	2503109	12357	0
163	Response	2	2518185	27434	0
163	Response	2	2539141	48389	0
164	Response	2	2642419	81609	0
165	Response	2	2655375	12769	0
166	Response	2	2662307	6862	0
166	Response	2	2678734	23290	0
166	Response	2	2696909	41465	0
166	Response	2	2717309	61864	0
167	Response	2	2727062	1559	0
169	Response	2	2747381	7573	0
172	Response	2	2782003	6798	0
173	Response	1	2788986	6078	0
176	Response	1	2826545	12093	0
177	Response	1	2836914	7423	0
181	Response	1	2875270	3048	0
185	Response	1	2919430	3562	0
189	Response	1	2960811	3308	0
193	Response	1	2993289	4240	0
196	Response	1	3017901	9228	0
197	Response	1	3025348	4021	0
200	Response	1	3062749	6943	0
201	Response	1	3066782	3273	0
205	Response	1	3105535	8285	0
209	Response	1	3148899	2860	0
213	Response	1	3184317	5083	0
216	Response	1	3225141	25549	0
216	Response	2	3233693	34101	0
217	Response	2	3253935	20047	0
217	Response	2	3268377	34489	0
217	Response	2	3289654	55766	0
218	Response	2	3305208	1262	0
219	Response	2	3338321	32908	0
220	Response	2	3348312	9886	0
220	Response	2	3372919	34494	0
220	Response	2	3392999	54574	0
220	Response	2	3407199	68774	0
221	Response	2	3419653	11169	0
223	Response	1	3433788	3846	0
227	Response	1	3467932	3695	0
230	Response	1	3504778	6428	0
231	Response	1	3513735	5120	0
234	Response	1	3550499	6299	0
234	Response	1	3555722	11523	0
235	Response	1	3560469	3615	0
239	Response	1	3594290	5892	0
243	Response	1	3628351	6023	0
247	Response	1	3672903	4175	0
251	Response	1	3711176	3017	0
255	Response	1	3757157	5532	0
259	Response	1	3800197	4924	0
263	Response	1	3830447	7297	0
266	Response	1	3857438	11729	0
267	Response	1	3862821	4458	0
270	Response	2	3909421	21164	0
271	Response	2	3921793	12262	0
271	Response	2	3930989	21457	0
271	Response	2	3933194	23662	0
271	Response	2	3935239	25707	0
271	Response	2	3937046	27514	0
271	Response	2	3938694	29163	0
271	Response	2	3940343	30811	0
271	Response	2	3941753	32221	0
271	Response	2	3943163	33631	0
271	Response	2	3944573	35042	0
271	Response	2	3945984	36452	0
271	Response	2	3947314	37783	0
271	Response	2	3948645	39114	0
271	Response	2	3965946	56415	0
272	Response	2	3981100	1509	0
273	Response	2	3998320	17079	0
274	Response	2	4058123	59643	0
275	Response	2	4089564	21026	0
277	Response	1	4101473	1756	0
281	Response	1	4139108	4544	0
285	Response	1	4170864	6407	0
289	Response	1	4213426	4403	0
293	Response	1	4257820	3863	0
297	Response	1	4290215	9299	0
301	Response	1	4322932	4786	0
305	Response	1	4362799	4305	0
309	Response	1	4406793	5933	0
312	Response	1	4439268	7047	0
317	Response	1	4491049	5826	0
320	Response	1	4528847	12446	0
321	Response	1	4534628	3188	0
