Scenario - 
Logfile written - 06/25/2019 03:26:36

Trial	Event Type	Code	Time	TTime	Uncertainty	Duration	Uncertainty	ReqTime	ReqDur	Stim Type	Pair Index

1	Response	1	7508	7300	0
2	Response	1	12755	5048	0
3	Response	1	16823	3908	0
4	Response	1	21409	4329	0
5	Response	1	25405	3741	0
6	Response	1	29576	3955	0
7	Response	1	34036	4248	0
8	Response	1	38119	3957	0
9	Response	1	42212	3884	0
10	Response	1	46139	3645	0
11	Response	1	50452	4209	0
12	Response	1	54518	3899	0
13	Response	1	58279	3494	0
14	Response	1	62265	3731	0
15	Response	1	66247	3755	0
16	Response	1	70410	3960	0
17	Response	1	74378	3762	0
18	Response	1	78646	4072	0
19	Response	1	83036	4296	0
20	Response	1	87565	4450	0
21	Response	1	91994	4296	1
22	Response	1	96142	4071	0
23	Response	1	100721	4483	0
24	Response	1	107202	6381	0
25	Response	1	111952	4673	0
26	Response	1	116900	4830	0
27	Response	1	121251	4182	0
28	Response	1	126828	5385	0
29	Response	1	132103	5035	0
30	Response	1	144500	12224	0
31	Response	1	153041	8267	0
32	Response	1	159482	6167	0
33	Response	1	165589	6025	0
34	Response	1	172295	6481	0
35	Response	1	178242	5762	0
36	Response	1	183833	5312	0
37	Response	1	188567	4631	0
38	Response	1	193686	4958	0
39	Response	1	198884	4949	0
40	Response	1	203593	4450	0


{
   "app": "Presentation Version 20.3 Build 02.25.19",
   "device": "LENOVO 20FMS2L703",
   "experiment": "{2DC7EC0B-6D14-47F9-A0DA-0D4BA90D3B72}",
   "os": "Windows 10 64 bit",
   "package": "",
   "parameters": {
      "configuration": "Default configuration"
   },
   "scenario": "Odball_fmrt.sce",
   "subject": "",
   "timestamp": "2019/06/25 01:26:11 GMT"
}
