Scenario - 
Logfile written - 05/17/2020 21:06:42

Subject	Trial	Event Type	Code	Time	TTime	Uncertainty	Duration	Uncertainty	ReqTime	ReqDur	Stim Type	Pair Index

a	1	Response	2	6525	6358	0
a	2	Response	2	47083	40417	0
a	3	Picture	test	47166	0	1	12441	1	0	next	miss	0
a	3	Quit		53886	6720	NA


{
   "app": "Presentation Version 20.3 Build 02.25.19",
   "device": "To Be Filled By O.E.M. To Be Filled By O.E.M.",
   "experiment": "{D641ED79-5C9E-4C22-BD16-86E78985E7F2}",
   "os": "Windows 10 64 bit",
   "package": "",
   "parameters": {
      "configuration": "Default configuration"
   },
   "scenario": "Hot Reaction Paradigma.sce",
   "subject": "a",
   "timestamp": "2020/05/17 19:06:32 GMT"
}
