Scenario - Swad_kids_et
Logfile written - 05/21/2019 17:18:00

Subject	Trial	Event Type	Code	configuration(num)	conditionid(str)	trialid(str)	form(str)	color(str)	seperateAttention(num)	target(num)	Time	TTime	Uncertainty	Duration	Uncertainty	ReqTime	ReqDur	Stim Type	Pair Index

1	0	Response	3								58369	58369	26
1	0	Response	3								95357	95357	0
1	0	Response	3								219676	219676	1
1	1	Response	3								311514	30616	0
1	2	Response	3								340475	27884	0
1	4	Picture	1;selective;1;star;2;2;0	1	selective	1	star	2	2	0	351123	0	1	2669	1	0	2500	other	0
1	6	Picture	1;selective;1;flower;6;2;0	1	selective	1	flower	6	2	0	386986	0	1	2669	1	0	2500	false_alarm	8
1	6	Response	2								392315	5329	0
1	8	Picture	1;selective;1;bell;4;2;2	1	selective	1	bell	4	2	2	414176	0	1	2669	1	0	2500	hit	10
1	8	Response	2								416954	2778	0
1	10	Picture	1;selective;1;heart;3;2;0	1	selective	1	heart	3	2	0	435026	0	1	2669	2	0	2500	false_alarm	12
1	10	Response	2								439039	4013	0
1	12	Picture	1;selective;1;circle;2;2;0	1	selective	1	circle	2	2	0	455043	0	1	2669	1	0	2500	false_alarm	14
1	12	Response	2								470077	15035	0
1	14	Picture	1;selective;1;circle;3;2;0	1	selective	1	circle	3	2	0	479897	0	1	1001	1	0	2500	false_alarm	16
1	14	Response	2								480795	899	0
1	16	Picture	1;selective;1;flower;1;2;0	1	selective	1	flower	1	2	0	496744	0	1	2669	1	0	2500	other	0
1	18	Picture	1;selective;1;bell;3;2;2	1	selective	1	bell	3	2	2	528604	0	1	2669	1	0	2500	miss	0
1	20	Picture	1;selective;1;flower;2;2;0	1	selective	1	flower	2	2	0	566302	0	1	2669	1	0	2500	false_alarm	20
1	20	Response	2								573133	6831	142
1	22	Picture	1;selective;1;heart;5;2;0	1	selective	1	heart	5	2	0	588987	0	1	2669	1	0	2500	false_alarm	22
1	22	Response	2								594394	5407	0
1	24	Picture	1;selective;1;star;5;2;0	1	selective	1	star	5	2	0	616010	0	1	2669	1	0	2500	false_alarm	24
1	24	Response	2								620316	4306	0
1	26	Picture	1;selective;1;heart;4;2;0	1	selective	1	heart	4	2	0	638028	0	1	2669	1	0	2500	false_alarm	26
1	26	Response	2								643035	5008	0
1	28	Picture	1;selective;1;bell;1;2;2	1	selective	1	bell	1	2	2	666551	0	1	2502	1	0	2500	hit	28
1	28	Response	2								668795	2243	0
1	30	Picture	1;selective;1;flower;4;2;0	1	selective	1	flower	4	2	0	684566	0	1	2669	1	0	2500	false_alarm	30
1	30	Response	2								687354	2788	0
1	32	Picture	1;selective;1;star;4;2;0	1	selective	1	star	4	2	0	710922	0	1	2668	1	0	2500	false_alarm	32
1	32	Response	2								715518	4596	0
1	34	Picture	1;selective;1;circle;5;2;0	1	selective	1	circle	5	2	0	722931	0	1	2669	1	0	2500	false_alarm	34
1	34	Response	2								727356	4425	0
1	36	Picture	1;selective;1;flower;3;2;0	1	selective	1	flower	3	2	0	750955	0	1	2669	1	0	2500	false_alarm	36
1	36	Response	2								754554	3599	0
1	37	Response	2								767625	13001	209
1	38	Picture	1;selective;1;heart;2;2;0	1	selective	1	heart	2	2	0	768136	0	1	2669	1	0	2500	false_alarm	39
1	38	Response	2								771835	3699	0
1	40	Picture	1;selective;1;bell;2;2;2	1	selective	1	bell	2	2	2	789320	0	1	2669	1	0	2500	hit	41
1	40	Response	2								795195	5876	0
1	42	Picture	1;selective;1;heart;6;2;0	1	selective	1	heart	6	2	0	800829	0	1	2669	1	0	2500	false_alarm	43
1	42	Response	2								805436	4607	0
1	44	Picture	1;selective;1;bell;6;2;2	1	selective	1	bell	6	2	2	817009	0	1	1835	1	0	2500	hit	45
1	44	Response	2								818714	1705	0
1	46	Picture	1;selective;1;flower;5;2;0	1	selective	1	flower	5	2	0	842364	0	1	2669	1	0	2500	false_alarm	47
1	46	Response	2								846394	4030	0
1	48	Picture	1;selective;1;bell;3;2;2	1	selective	1	bell	3	2	2	867885	0	1	2669	1	0	2500	hit	49
1	48	Response	2								871514	3630	0
1	50	Picture	1;selective;1;moon;5;2;0	1	selective	1	moon	5	2	0	889236	0	1	2669	1	0	2500	other	0
1	52	Picture	1;selective;1;heart;1;2;0	1	selective	1	heart	1	2	0	928935	0	1	2669	1	0	2500	other	0
1	54	Picture	1;selective;1;bell;5;2;2	1	selective	1	bell	5	2	2	962463	0	1	2669	1	0	2500	miss	0


{
   "app": "Presentation Version 20.1 Build 12.04.17",
   "device": "Dell Inc. Latitude 3580",
   "experiment": "{3EDEE026-D8DC-4466-8CD4-50C9D6AA7BA0}",
   "os": "Windows 10 64 bit",
   "package": "",
   "parameters": {
      "configuration": "Default configuration"
   },
   "scenario": "Swad_kids_et.sce",
   "subject": "1",
   "timestamp": "2019/05/21 15:16:11 GMT"
}
