Scenario - 
Logfile written - 03/17/2020 09:21:39

Subject	Trial	Event Type	Code	Time	TTime	Uncertainty	Duration	Uncertainty	ReqTime	ReqDur	Stim Type	Pair Index

	1	Response	2	9577	9410	0
	2	Response	2	12777	3111	0
	4	Picture	group1;block1;1;Inhibition;1;target;stimulus_neutral.jpg;stimulus_sns.jpg	21999	0	1	2167	1	0	2000	miss	0
	6	Picture	group1;block1;2;Inhibition;2;non_target;stimulus_neutral.jpg;stimulus_sns.jpg	36499	0	1	2167	1	0	2000	other	0
	7	Response	2	51497	7831	0
	7	Response	2	71017	27351	0
	7	Response	2	176857	133191	0
	7	Response	2	180937	137271	0
	7	Response	2	183097	139431	0
	7	Response	2	189497	145831	0
	7	Response	2	191577	147911	0
	7	Response	2	193657	149991	0
	7	Quit		206137	162471	NA


{
   "app": "Presentation Version 20.3 Build 02.25.19",
   "device": "To Be Filled By O.E.M. To Be Filled By O.E.M.",
   "experiment": "{D641ED79-5C9E-4C22-BD16-86E78985E7F2}",
   "os": "Windows 10 64 bit",
   "package": "",
   "parameters": {
      "configuration": "Default configuration"
   },
   "scenario": "Single_Dot_Task_pictures.sce",
   "subject": "",
   "timestamp": "2020/03/17 08:21:09 GMT"
}
