Scenario - 
Logfile written - 03/17/2020 09:16:38

Subject	Trial	Event Type	Code	Time	TTime	Uncertainty	Duration	Uncertainty	ReqTime	ReqDur	Stim Type	Pair Index

	1	Response	2	4875	4709	0
	2	Response	2	7755	2756	0
	4	Picture	group1;block1;1;Inhibition;1;target;stimulus_neutral.jpg;stimulus_sns.jpg	14500	0	1	2167	1	0	2000	miss	0
	6	Picture	group1;block1;2;Inhibition;2;non_target;stimulus_neutral.jpg;stimulus_sns.jpg	30499	0	1	2167	1	0	2000	other	0
	7	Response	2	61195	23529	0


{
   "app": "Presentation Version 20.3 Build 02.25.19",
   "device": "To Be Filled By O.E.M. To Be Filled By O.E.M.",
   "experiment": "{D641ED79-5C9E-4C22-BD16-86E78985E7F2}",
   "os": "Windows 10 64 bit",
   "package": "",
   "parameters": {
      "configuration": "Default configuration"
   },
   "scenario": "Single_Dot_Task_pictures.sce",
   "subject": "",
   "timestamp": "2020/03/17 08:16:26 GMT"
}
