Scenario - 
Logfile written - 03/04/2020 15:26:07

Subject	Trial	Event Type	Code	Time	TTime	Uncertainty	Duration	Uncertainty	ReqTime	ReqDur	Stim Type	Pair Index

a	1	Response	2	9494	9328	0
a	2	Response	2	14592	4927	0
a	4	Picture	group1;block1;1;D;2;non_target	24497	0	1	2166	1	0	2000	false_alarm	4
a	4	Response	2	28109	3612	0
a	5	Response	2	31995	332	0
a	5	Response	2	34036	2373	0
a	5	Quit		35713	4050	NA


{
   "app": "Presentation Version 20.3 Build 02.25.19",
   "device": "LENOVO 20FMS2L703",
   "experiment": "{D641ED79-5C9E-4C22-BD16-86E78985E7F2}",
   "os": "Windows 10 64 bit",
   "package": "",
   "parameters": {
      "configuration": "Default configuration"
   },
   "scenario": "Single_Dot_Task_pictures.sce",
   "subject": "a",
   "timestamp": "2020/03/04 14:26:00 GMT"
}
