Scenario - 
Logfile written - 03/04/2020 15:24:15

Subject	Trial	Event Type	Code	Time	TTime	Uncertainty	Duration	Uncertainty	ReqTime	ReqDur	Stim Type	Pair Index

a	1	Response	2	9040	8707	0
a	3	Picture	group1;block1;1;D;2;non_target	16665	0	1	2166	1	0	2000	other	0
a	5	Picture	group1;block1;2;D;2;non_target	33163	0	1	2166	1	0	2000	false_alarm	4
a	5	Response	2	35944	2781	0
a	7	Picture	group1;block1;3;D;2;non_target	47828	0	1	2166	1	0	2000	false_alarm	6
a	7	Response	2	50271	2444	0
a	9	Picture	group1;block1;4;D;2;non_target	65159	0	1	2166	1	0	2000	false_alarm	8
a	9	Response	2	67690	2531	0
a	11	Picture	group1;block1;5;D;2;non_target	81324	0	1	2166	1	0	2000	other	0
a	13	Picture	group1;block1;6;D;2;non_target	95489	0	1	2166	1	0	2000	other	0
a	13	Quit		97702	2214	NA


{
   "app": "Presentation Version 20.3 Build 02.25.19",
   "device": "LENOVO 20FMS2L703",
   "experiment": "{D641ED79-5C9E-4C22-BD16-86E78985E7F2}",
   "os": "Windows 10 64 bit",
   "package": "",
   "parameters": {
      "configuration": "Default configuration"
   },
   "scenario": "Single_Dot_Task_pictures.sce",
   "subject": "a",
   "timestamp": "2020/03/04 14:24:01 GMT"
}
