Scenario - 
Logfile written - 03/04/2020 19:04:12

Subject	Trial	Event Type	Code	Time	TTime	Uncertainty	Duration	Uncertainty	ReqTime	ReqDur	Stim Type	Pair Index

a	1	Response	2	15028	14862	0
a	2	Response	2	19725	4560	0
a	4	Picture	group1;block1;1;D;1;target	27997	0	1	2166	1	0	2000	hit	4
a	4	Response	1	30405	2408	0
a	6	Picture	group1;block1;2;D;1;target	40995	0	1	2166	1	0	2000	hit	6
a	6	Response	1	43250	2255	0
a	8	Picture	group1;block1;3;D;2;non_target	56827	0	1	2166	1	0	2000	false_alarm	8
a	8	Response	1	58750	1924	0
a	10	Picture	group1;block1;4;D;1;target	70992	0	1	2166	1	0	2000	miss	0
a	12	Picture	group1;block1;5;D;1;target	85323	0	1	2166	1	0	2000	hit	11
a	12	Response	1	87764	2441	0
a	14	Picture	group1;block1;6;D;1;target	99988	0	1	2166	1	0	2000	miss	0
a	14	Quit		105990	6002	NA


{
   "app": "Presentation Version 20.3 Build 02.25.19",
   "device": "LENOVO 20FMS2L703",
   "experiment": "{D641ED79-5C9E-4C22-BD16-86E78985E7F2}",
   "os": "Windows 10 64 bit",
   "package": "",
   "parameters": {
      "configuration": "Default configuration"
   },
   "scenario": "Single_Dot_Task_pictures.sce",
   "subject": "a",
   "timestamp": "2020/03/04 18:03:57 GMT"
}
