Scenario - 
Logfile written - 03/10/2020 14:14:48

Subject	Trial	Event Type	Code	Time	TTime	Uncertainty	Duration	Uncertainty	ReqTime	ReqDur	Stim Type	Pair Index

abc	1	Response	2	20029	19863	0
abc	2	Response	2	24758	4427	0
abc	4	Picture	group1;block1;1;Inhibition;1;target;stimulus_a.jpg;stimulus_b.jpg	34329	0	1	2166	1	0	2000	incorrect	4
abc	4	Response	2	37561	3233	0
abc	6	Picture	group1;block1;2;Inhibition;1;target;stimulus_a.jpg;stimulus_b.jpg	47161	0	1	2166	1	0	2000	miss	0
abc	7	Response	1	63450	9123	0
abc	8	Picture	group1;block1;3;Inhibition;1;target;stimulus_a.jpg;stimulus_b.jpg	64492	0	1	2166	1	0	2000	miss	0
abc	10	Picture	group1;block1;4;Inhibition;1;target;stimulus_a.jpg;stimulus_b.jpg	77657	0	1	2166	1	0	2000	hit	9
abc	10	Response	1	79849	2191	0
abc	12	Picture	group1;block1;5;Inhibition;1;target;stimulus_a.jpg;stimulus_b.jpg	93489	0	1	2166	1	0	2000	miss	0
abc	14	Picture	group1;block1;6;Inhibition;1;target;stimulus_a.jpg;stimulus_b.jpg	106821	0	1	2166	1	0	2000	miss	0
abc	16	Picture	group1;block1;7;Inhibition;2;non_target;stimulus_a.jpg;stimulus_b.jpg	122985	0	1	2166	1	0	2000	other	0
abc	18	Picture	group1;block1;8;Inhibition;1;target;stimulus_a.jpg;stimulus_b.jpg	139317	0	1	2166	1	0	2000	miss	0
abc	18	Quit		141622	2306	NA


{
   "app": "Presentation Version 20.3 Build 02.25.19",
   "device": "LENOVO 20FMS2L703",
   "experiment": "{D641ED79-5C9E-4C22-BD16-86E78985E7F2}",
   "os": "Windows 10 64 bit",
   "package": "",
   "parameters": {
      "configuration": "Default configuration"
   },
   "scenario": "Single_Dot_Task_pictures.sce",
   "subject": "abc",
   "timestamp": "2020/03/10 13:14:29 GMT"
}
