Scenario - 
Logfile written - 03/04/2020 14:29:44

Subject	Trial	Event Type	Code	Time	TTime	Uncertainty	Duration	Uncertainty	ReqTime	ReqDur	Stim Type	Pair Index

jkl	1	Response	1	6863	6697	0
jkl	1	Response	1	9025	8859	0
jkl	1	Response	1	11712	11545	0
jkl	1	Response	1	13457	13291	0
jkl	1	Response	1	17296	17130	0
jkl	1	Response	1	20080	19914	0
jkl	1	Response	1	22568	22401	0
jkl	1	Response	1	25306	25139	0
jkl	1	Response	2	31340	31174	0
jkl	2	Quit		33909	2413	NA


{
   "app": "Presentation Version 20.3 Build 02.25.19",
   "device": "LENOVO 20FMS2L703",
   "experiment": "{D641ED79-5C9E-4C22-BD16-86E78985E7F2}",
   "os": "Windows 10 64 bit",
   "package": "",
   "parameters": {
      "configuration": "Default configuration"
   },
   "scenario": "Single_Dot_Task_pictures.sce",
   "subject": "jkl",
   "timestamp": "2020/03/04 13:29:37 GMT"
}
