Scenario - 
Logfile written - 03/17/2020 10:42:28

Subject	Trial	Event Type	Code	Time	TTime	Uncertainty	Duration	Uncertainty	ReqTime	ReqDur	Stim Type	Pair Index

robin	1	Response	2	12000	11833	0
robin	1	Response	2	42960	42793	0
robin	1	Response	2	72400	72234	0
robin	1	Response	2	86160	85993	0
robin	1	Response	2	91281	91115	0
robin	1	Response	2	96240	96073	0
robin	1	Response	2	100400	100233	0
robin	1	Response	2	102645	102479	0
robin	1	Response	2	104720	104553	0
robin	1	Response	2	109680	109513	0
robin	1	Response	2	114000	113833	0
robin	1	Response	2	118159	117993	0
robin	1	Response	2	120000	119833	0
robin	1	Response	2	122160	121994	0
robin	1	Response	2	125919	125753	0
robin	1	Response	2	129919	129753	0
robin	1	Response	2	134320	134153	0
robin	1	Response	2	153280	153113	0
robin	1	Response	2	154880	154713	0
robin	1	Response	2	156479	156313	0
robin	1	Response	2	160639	160473	0
robin	1	Response	2	171199	171033	0
robin	1	Response	2	172639	172473	0
robin	1	Response	2	175920	175753	0
robin	1	Response	2	177359	177193	0
robin	1	Response	1	191599	191433	0
robin	1	Response	1	197680	197513	0
robin	1	Response	1	199840	199673	0
robin	1	Response	2	201440	201273	0
robin	1	Response	2	203200	203033	0
robin	1	Response	2	204800	204633	0
robin	1	Quit		206240	206073	NA


{
   "app": "Presentation Version 20.3 Build 02.25.19",
   "device": "To Be Filled By O.E.M. To Be Filled By O.E.M.",
   "experiment": "{D641ED79-5C9E-4C22-BD16-86E78985E7F2}",
   "os": "Windows 10 64 bit",
   "package": "",
   "parameters": {
      "configuration": "Default configuration"
   },
   "scenario": "Single_Dot_Task_pictures.sce",
   "subject": "robin",
   "timestamp": "2020/03/17 09:42:03 GMT"
}
