Scenario - Swad_kids_eeg
Logfile written - 11/19/2019 13:06:08

Subject	Trial	Event Type	Code	configuration(num)	conditionid(str)	trialid(str)	form(str)	color(str)	seperateAttention(num)	target(num)	Time	TTime	Uncertainty	Duration	Uncertainty	ReqTime	ReqDur	Stim Type	Pair Index

	1	Response	103								28214	27715	1
	2	Response	103								39405	10909	1
	3	Response	103								54897	15235	1
	4	Response	103								56858	1865	1
	5	Picture	1;test;1;star;3;1;0	1	test	1	star	3	1	0	65159	0	1	2666	1	0	2500	other	0
	7	Picture	1;test;1;flower;1;1;1	1	test	1	flower	1	1	1	96489	0	1	2666	1	0	2500	miss	0
	10	Picture	1;test;1;bell;5;1;0	1	test	1	bell	5	1	0	142150	0	1	2666	1	0	2500	other	0
	12	Picture	1;test;1;flower;6;1;0	1	test	1	flower	6	1	0	179479	0	1	2666	1	0	2500	other	0
	14	Picture	1;test;1;bell;1;1;1	1	test	1	bell	1	1	1	202810	0	1	2666	1	0	2500	miss	0
	17	Picture	1;test;1;star;5;1;0	1	test	1	star	5	1	0	260303	0	1	2666	1	0	2500	other	0
	19	Picture	1;test;1;moon;1;1;1	1	test	1	moon	1	1	1	289633	0	1	2666	1	0	2500	miss	0
	22	Picture	1;test;1;flower;3;1;0	1	test	1	flower	3	1	0	351126	0	1	2666	1	0	2500	other	0
	24	Picture	1;test;1;heart;6;1;0	1	test	1	heart	6	1	0	376623	0	1	2666	1	0	2500	other	0
	26	Picture	1;test;1;circle;1;1;1	1	test	1	circle	1	1	1	403953	0	1	2666	1	0	2500	miss	0
	28	Response	103								533438	90822	1
	30	Picture	1;test;2;heart;3;3;0	1	test	2	heart	3	3	0	543771	0	1	2666	1	0	2500	false_alarm	17
	30	Response	101								549883	6113	1
	33	Picture	1;test;2;circle;1;3;0	1	test	2	circle	1	3	0	589265	0	1	2666	1	0	2500	false_alarm	19
	33	Response	101								589472	207	1
	33	Response	101								591656	2391	1
	33	Response	101								593494	4228	1
	33	Response	101								595238	5972	1
	33	Response	101								600730	11465	1
	33	Response	101								602797	13532	1
	33	Response	101								603872	14607	1
	36	Picture	1;test;2;flower;3;3;2	1	test	2	flower	3	3	2	644759	0	1	2666	1	0	2500	incorrect	27
	36	Response	101								648447	3688	1
	36	Response	101								650237	5478	1
	36	Response	101								651778	7018	1
	36	Response	101								653813	9054	1
	39	Picture	1;test;2;heart;1;3;0	1	test	2	heart	1	3	0	694253	0	1	2666	1	0	2500	false_alarm	32
	39	Response	102								694493	239	1
	39	Response	102								696374	2120	1
	39	Response	102								698480	4226	1
	39	Response	102								700074	5820	1
	42	Picture	1;test;2;circle;2;3;1	1	test	2	circle	2	3	1	753747	0	1	2666	1	0	2500	miss	0
	45	Picture	1;test;2;circle;3;3;0	1	test	2	circle	3	3	0	809240	0	1	2666	1	0	2500	other	0
	47	Picture	1;test;2;star;2;3;1	1	test	2	star	2	3	1	836570	0	1	2666	1	0	2500	miss	0
	50	Picture	1;test;2;bell;1;3;0	1	test	2	bell	1	3	0	886065	0	1	2666	1	0	2500	other	0
	52	Picture	1;test;2;flower;6;3;2	1	test	2	flower	6	3	2	925393	0	1	2667	1	0	2500	miss	0
	55	Picture	1;test;2;circle;6;3;0	1	test	2	circle	6	3	0	972888	0	1	2666	1	0	2500	false_alarm	42
	55	Response	101								977129	4241	1
	55	Response	101								978492	5603	1
	55	Response	101								980170	7282	1
	55	Response	101								981772	8884	1
	55	Response	101								983202	10314	1
	55	Response	101								986736	13847	1
	55	Response	101								988932	16044	1
	72	Response	103								1029597	882	1
	74	Response	103								1031893	845	1
	76	Response	103								1033444	63	1
	77	Response	103								1034967	419	1
	315	Response	103								1469400	157217	1
	316	Quit									1483454	13623	NA


{
   "app": "Presentation Version 20.3 Build 02.25.19",
   "device": "LENOVO 20FMS2L703",
   "experiment": "{3EDEE026-D8DC-4466-8CD4-50C9D6AA7BA0}",
   "os": "Windows 10 64 bit",
   "package": "",
   "parameters": {
      "configuration": "Default configuration"
   },
   "scenario": "Swad_kids_eeg.sce",
   "subject": "",
   "timestamp": "2019/11/19 12:03:33 GMT"
}
