Scenario - Swad_kids_eeg
Logfile written - 11/19/2019 13:10:01

Subject	Trial	Event Type	Code	configuration(num)	conditionid(str)	trialid(str)	form(str)	color(str)	seperateAttention(num)	target(num)	Time	TTime	Uncertainty	Duration	Uncertainty	ReqTime	ReqDur	Stim Type	Pair Index

d	1	Response	103								19830	19664	1
d	2	Response	103								30502	10504	1
d	3	Response	103								53753	23090	1
d	5	Picture	1;test;1;circle;5;1;0	1	test	1	circle	5	1	0	63992	0	1	2666	1	0	2500	other	0
d	6	Response	103								83819	1662	1
d	7	Picture	1;test;1;bell;1;1;1	1	test	1	bell	1	1	1	103321	0	1	833	1	0	2500	hit	7
d	7	Response	101								103987	666	1
d	10	Picture	1;test;1;flower;4;1;0	1	test	1	flower	4	1	0	129485	0	1	2666	1	0	2500	false_alarm	9
d	10	Response	101								135904	6420	1
d	13	Picture	1;test;1;circle;1;1;1	1	test	1	circle	1	1	1	179312	0	1	2666	1	0	2500	hit	11
d	13	Response	101								182810	3497	1
d	16	Response	101								216232	88	1
d	16	Picture	1;test;1;flower;2;1;0	1	test	1	flower	2	1	0	216308	165	1	167	1	0	2500	other	0
d	18	Picture	1;test;1;star;1;1;1	1	test	1	star	1	1	1	239639	0	1	2666	1	0	2500	hit	15
d	18	Response	101								247776	8137	1
d	21	Picture	1;test;1;star;2;1;0	1	test	1	star	2	1	0	275301	0	1	2666	1	0	2500	false_alarm	17
d	21	Response	101								284272	8970	1
d	24	Picture	1;test;1;heart;6;1;0	1	test	1	heart	6	1	0	325962	0	1	1833	1	0	2500	false_alarm	19
d	24	Response	101								327667	1705	1
d	27	Picture	1;test;1;moon;4;1;0	1	test	1	moon	4	1	0	361292	0	1	2666	1	0	2500	other	0
d	29	Picture	1;test;1;flower;1;1;1	1	test	1	flower	1	1	1	392621	0	1	2666	1	0	2500	hit	22
d	29	Response	101								401645	9023	1
d	31	Response	103								461231	38946	1
d	32	Response	103								463392	2112	1
d	32	Response	103								465972	4691	1
d	33	Picture	1;test;2;moon;6;3;0	1	test	2	moon	6	3	0	471446	0	1	2666	1	0	2500	other	0
d	35	Picture	1;test;2;star;2;3;1	1	test	2	star	2	3	1	508775	0	1	2666	1	0	2500	miss	0
d	36	Response	103								529295	2356	1
d	38	Picture	1;test;2;bell;5;3;0	1	test	2	bell	5	3	0	562268	0	1	1000	1	0	2500	false_alarm	30
d	38	Response	101								563066	798	1
d	39	Response	103								581228	17960	1
d	39	Response	103								583269	20000	14
d	41	Picture	1;test;2;bell;3;3;0	1	test	2	bell	3	3	0	604597	0	1	500	1	0	2500	false_alarm	34
d	41	Response	101								604966	369	1
d	42	Response	103								619934	14837	1
d	44	Picture	1;test;2;flower;3;3;2	1	test	2	flower	3	3	2	634427	0	1	2666	1	0	2500	miss	0
d	47	Picture	1;test;2;star;3;3;0	1	test	2	star	3	3	0	685921	0	1	2666	1	0	2500	other	0
d	49	Picture	1;test;2;flower;6;3;2	1	test	2	flower	6	3	2	715251	0	1	2666	1	0	2500	miss	0
d	50	Response	103								745624	12208	1
d	50	Response	103								747535	14120	1
d	50	Response	103								749298	15882	1
d	50	Response	103								751102	17686	1
d	50	Response	103								752602	19187	1
d	51	Response	103								754193	613	1
d	51	Response	103								756135	2555	1
d	52	Picture	1;test;2;star;1;3;0	1	test	2	star	1	3	0	758746	0	1	2666	1	0	2500	other	0
d	54	Picture	1;test;2;circle;6;3;0	1	test	2	circle	6	3	0	792076	0	1	833	1	0	2500	false_alarm	48
d	54	Response	101								792791	715	1
d	55	Response	103								801220	8312	1
d	55	Response	103								803364	10455	1
d	57	Picture	1;test;2;heart;2;3;1	1	test	2	heart	2	3	1	828238	0	1	2666	1	0	2500	miss	0
d	317	Response	103								1184933	17400	1
d	318	Response	103								1201612	16248	1
d	320	Picture	1;selective;1;star;1;2;0	1	selective	1	star	1	2	0	1211861	0	1	2666	1	0	2500	other	0
d	321	Response	103								1231203	1177	1
d	321	Response	103								1234686	4660	1
d	321	Response	103								1238266	8241	1
d	322	Picture	1;selective;1;circle;6;2;0	1	selective	1	circle	6	2	0	1243191	0	1	2666	1	0	2500	other	0
d	323	Response	103								1261661	305	1
d	323	Response	103								1263490	2135	1
d	323	Response	103								1265559	4204	1
d	324	Picture	1;selective;1;bell;6;2;2	1	selective	1	bell	6	2	2	1266521	0	1	2666	1	0	2500	miss	0
d	325	Response	103								1291457	6771	1
d	325	Response	103								1293932	9246	1
d	325	Response	103								1296202	11516	1
d	325	Response	103								1298946	14260	1
d	325	Response	103								1301482	16797	1
d	325	Response	103								1305591	20905	1
d	325	Response	103								1307456	22770	1
d	326	Picture	1;selective;1;circle;3;2;0	1	selective	1	circle	3	2	0	1307850	0	1	2666	1	0	2500	other	0
d	328	Picture	1;selective;1;moon;2;2;0	1	selective	1	moon	2	2	0	1333180	0	1	2666	1	0	2500	other	0
d	330	Picture	1;selective;1;flower;3;2;0	1	selective	1	flower	3	2	0	1356511	0	1	2666	1	0	2500	other	0
d	332	Picture	1;selective;1;flower;5;2;0	1	selective	1	flower	5	2	0	1383841	0	1	2666	1	0	2500	other	0
d	333	Response	103								1411204	9198	1
d	333	Response	103								1413303	11298	1
d	334	Picture	1;selective;1;heart;3;2;0	1	selective	1	heart	3	2	0	1417171	0	1	2666	1	0	2500	other	0
d	336	Picture	1;selective;1;bell;3;2;2	1	selective	1	bell	3	2	2	1440501	0	1	2666	1	0	2500	miss	0
d	337	Response	103								1465122	6457	1
d	337	Response	103								1467903	9238	1
d	338	Picture	1;selective;1;star;3;2;0	1	selective	1	star	3	2	0	1469828	0	5	2670	5	0	2500	other	0
d	340	Picture	1;selective;1;circle;5;2;0	1	selective	1	circle	5	2	0	1507160	0	1	2666	1	0	2500	other	0
d	342	Picture	1;selective;1;bell;2;2;2	1	selective	1	bell	2	2	2	1540490	0	1	2666	1	0	2500	miss	0
d	343	Response	103								1562165	3510	1
d	344	Picture	1;selective;1;circle;2;2;0	1	selective	1	circle	2	2	0	1563820	0	1	2666	1	0	2500	other	0
d	346	Picture	1;selective;1;bell;1;2;2	1	selective	1	bell	1	2	2	1599150	0	1	1500	1	0	2500	incorrect	86
d	346	Response	101								1600488	1338	1
d	348	Picture	1;selective;1;flower;4;2;0	1	selective	1	flower	4	2	0	1621814	0	1	2666	1	0	2500	other	0
d	350	Picture	1;selective;1;circle;4;2;0	1	selective	1	circle	4	2	0	1661143	0	1	2666	1	0	2500	false_alarm	89
d	350	Response	101								1669104	7962	1
d	352	Picture	1;selective;1;flower;1;2;0	1	selective	1	flower	1	2	0	1690473	0	1	2666	1	0	2500	false_alarm	91
d	352	Response	101								1694315	3842	1
d	354	Picture	1;selective;1;heart;4;2;0	1	selective	1	heart	4	2	0	1699638	0	1	2666	1	0	2500	other	0
d	356	Picture	1;selective;1;bell;4;2;2	1	selective	1	bell	4	2	2	1722969	0	1	2666	1	0	2500	miss	0
d	358	Picture	1;selective;1;star;2;2;0	1	selective	1	star	2	2	0	1748299	0	1	2666	1	0	2500	other	0
d	360	Picture	1;selective;1;bell;5;2;2	1	selective	1	bell	5	2	2	1777629	0	1	2666	1	0	2500	miss	0
d	362	Picture	1;selective;1;flower;2;2;0	1	selective	1	flower	2	2	0	1818958	0	1	2666	1	0	2500	other	0
d	364	Picture	1;selective;1;star;6;2;0	1	selective	1	star	6	2	0	1852287	0	1	2666	1	0	2500	other	0
d	366	Picture	1;selective;1;moon;4;2;0	1	selective	1	moon	4	2	0	1891616	0	1	2666	1	0	2500	other	0
d	368	Picture	1;selective;1;star;4;2;0	1	selective	1	star	4	2	0	1918946	0	1	2666	1	0	2500	other	0
d	370	Picture	1;selective;1;bell;2;2;2	1	selective	1	bell	2	2	2	1952276	0	1	2666	1	0	2500	incorrect	101
d	370	Response	101								1955157	2881	1
d	371	Response	103								1971582	16140	1
d	372	Response	103								1973352	1578	1
d	372	Response	103								1975486	3713	1
d	372	Response	103								1976879	5105	1
d	372	Response	103								1978570	6796	1
d	372	Response	103								1980910	9136	1
d	373	Picture	1;selective;2;flower;6;1;0	1	selective	2	flower	6	1	0	1981939	0	1	2666	1	0	2500	false_alarm	109
d	373	Response	101								1995177	13238	1
d	375	Picture	1;selective;2;moon;1;1;0	1	selective	2	moon	1	1	0	2008436	0	1	833	1	0	2500	false_alarm	111
d	375	Response	101								2009158	722	1
d	376	Quit									2021986	12717	NA

The following output port codes were not sent because of a conflict on the port.
Port	Code	Time(ms)
1	3	130785


{
   "app": "Presentation Version 20.3 Build 02.25.19",
   "device": "LENOVO 20FMS2L703",
   "experiment": "{3EDEE026-D8DC-4466-8CD4-50C9D6AA7BA0}",
   "os": "Windows 10 64 bit",
   "package": "",
   "parameters": {
      "configuration": "Default configuration"
   },
   "scenario": "Swad_kids_eeg.sce",
   "subject": "d",
   "timestamp": "2019/11/19 12:06:34 GMT"
}
