Scenario - Swad_kids_et
Logfile written - 05/22/2019 12:51:06

Subject	Trial	Event Type	Code	configuration(num)	conditionid(str)	trialid(str)	form(str)	color(str)	seperateAttention(num)	target(num)	Time	TTime	Uncertainty	Duration	Uncertainty	ReqTime	ReqDur	Stim Type	Pair Index

Mittwoch	0	Response	3								45143	45143	45
Mittwoch	0	Response	3								147037	147037	70
Mittwoch	1	Response	3								314144	103470	0
Mittwoch	2	Response	3								347264	32337	0
Mittwoch	260	Response	3								686944	38240	0
Mittwoch	261	Response	3								737504	49434	0
Mittwoch	263	Picture	1;selective;1;moon;3;2;0	1	selective	1	moon	3	2	0	748454	0	1	2669	1	0	2500	other	0
Mittwoch	265	Picture	1;selective;1;bell;3;2;2	1	selective	1	bell	3	2	2	790489	0	1	2669	1	0	2500	miss	0


{
   "app": "Presentation Version 20.1 Build 12.04.17",
   "device": "Dell Inc. Latitude 3580",
   "experiment": "{3EDEE026-D8DC-4466-8CD4-50C9D6AA7BA0}",
   "os": "Windows 10 64 bit",
   "package": "",
   "parameters": {
      "configuration": "Default configuration"
   },
   "scenario": "Swad_kids_et.sce",
   "subject": "Mittwoch",
   "timestamp": "2019/05/22 10:49:31 GMT"
}
