Scenario - 
Logfile written - 03/29/2020 18:07:28

Subject	Trial	Event Type	Code	conditionid(str)	trialid(str)	form(str)	color(str)	seperateAttention(num)	target(num)	Time	TTime	Uncertainty	Duration	Uncertainty	ReqTime	ReqDur	Stim Type	Pair Index

a	1	Response	3							12427	12358	0
a	2	Response	3							24268	11769	0
a	1721	Response	3							1903945	31205	0
a	1722	Quit								1908664	4466	NA


{
   "app": "Presentation Version 20.3 Build 02.25.19",
   "device": "To Be Filled By O.E.M. To Be Filled By O.E.M.",
   "experiment": "{3EDEE026-D8DC-4466-8CD4-50C9D6AA7BA0}",
   "os": "Windows 10 64 bit",
   "package": "",
   "parameters": {
      "configuration": "Default configuration"
   },
   "scenario": "Swad_kids_divided_attention.sce",
   "subject": "a",
   "timestamp": "2020/03/29 16:04:16 GMT"
}
