Scenario - 
Logfile written - 10/21/2019 00:52:03

Subject	Trial	Event Type	Code	configuration(num)	conditionid(str)	trialid(str)	form(str)	color(str)	seperateAttention(num)	target(num)	Time	TTime	Uncertainty	Duration	Uncertainty	ReqTime	ReqDur	Stim Type	Pair Index

8	1	Response	3								18631	18465	0
8	2	Response	3								30470	11638	0
8	3	Response	3								70711	40045	0
8	5	Picture	8;test;1;flower;2;1;0	8	test	1	flower	2	1	0	80999	0	1	2667	1	0	2500	other	0
8	6	Quit									109751	10586	NA


{
   "app": "Presentation Version 20.3 Build 02.25.19",
   "device": "To Be Filled By O.E.M. To Be Filled By O.E.M.",
   "experiment": "{3EDEE026-D8DC-4466-8CD4-50C9D6AA7BA0}",
   "os": "Windows 10 64 bit",
   "package": "",
   "parameters": {
      "configuration": "Default configuration"
   },
   "scenario": "Swad_kids.sce",
   "subject": "8",
   "timestamp": "2019/10/20 22:51:51 GMT"
}
