Scenario - 
Logfile written - 01/29/2019 17:41:23

Trial	Event Type	Code	Time	TTime	Uncertainty	Duration	Uncertainty	ReqTime	ReqDur	Stim Type	Pair Index

0	Text Input	1	10630	10630	0
1	Response	3	63742	52942	0
2	Response	3	76093	12094	0
3	Response	3	85366	9167	0
4	Response	3	91536	5936	0
5	Response	3	96283	4483	0
5	Response	3	99054	7254	0
5	Response	3	102400	10600	0
5	Response	3	105262	13462	0
5	Response	3	109446	17647	0
5	Response	3	116379	24579	0
5	Response	3	119057	27257	0
5	Response	3	122381	30582	0
6	Response	3	124827	2028	0
7	Response	3	129493	4493	0
8	Response	3	137131	7531	0
8	Response	3	139287	9688	0
8	Response	3	141911	12312	0
8	Response	3	144308	14708	0
8	Response	3	147789	18190	0
8	Response	3	150480	20880	0
8	Response	3	154648	25049	0
9	Response	3	172138	10939	0
11	Response	3	177063	4664	0
12	Sound	sound	186000	1	3			0		miss	0
53	Sound	sound	246000	1	3			0		miss	0
75	Response	3	283366	1167	0
85	Quit		294244	45	NA


{
   "app": "Presentation Version 20.2 Build 07.25.18",
   "device": "LENOVO 20DTCTO1WW",
   "experiment": "{80656493-4243-4645-96CC-529760D03478}",
   "os": "Windows 10 64 bit",
   "package": "",
   "parameters": {
      "configuration": "Default configuration"
   },
   "scenario": "GNG-feci.sce",
   "subject": "",
   "timestamp": "2019/01/29 16:40:50 GMT"
}
