Scenario - 
Logfile written - 11/07/2018 16:15:40

Trial	Event Type	Code	Time	TTime	Uncertainty	Duration	Uncertainty	ReqTime	ReqDur	Stim Type	Pair Index

0	Text Input	1	12417	12417	0
1	Response	1	36214	23614	0
1	Response	3	51388	38788	0
2	Response	3	65740	14141	0
3	Quit		101461	35461	NA


{
   "app": "Presentation Version 20.2 Build 07.25.18",
   "device": "LENOVO 20DTCTO1WW",
   "experiment": "{80656493-4243-4645-96CC-529760D03478}",
   "os": "Windows 10 64 bit",
   "package": "",
   "parameters": {
      "configuration": "Default configuration"
   },
   "scenario": "GNG-feci.sce",
   "subject": "",
   "timestamp": "2018/11/07 15:15:21 GMT"
}
