Scenario - 
Logfile written - 03/20/2019 18:31:53

Trial	Event Type	Code	Time	TTime	Uncertainty	Duration	Uncertainty	ReqTime	ReqDur	Stim Type	Pair Index

1	Response	3	13820	13654	0
2	Response	3	42123	28125	0
3	Response	3	46689	1528	0
4	Response	3	82138	35143	0
6	Response	3	146148	32328	0
9	Sound	sound	157650	1	2			0		other	0
48	Sound	sound	215143	1	2			0		miss	0
92	Sound	sound	277637	1	3			0		miss	0
139	Sound	sound	342629	1	2			0		other	0
167	Sound	sound	385291	1	2			0		miss	0
198	Sound	sound	432619	1	2			0		miss	0
236	Sound	sound	487612	1	2			0		other	0
269	Sound	sound	537607	1	3			0		other	0
313	Sound	sound	600100	1	2			0		other	0
340	Sound	sound	642595	1	2			0		miss	0
367	Quit		684942	852	NA


{
   "app": "Presentation Version 20.3 Build 02.25.19",
   "device": "LENOVO 20FMS2L703",
   "experiment": "{80656493-4243-4645-96CC-529760D03478}",
   "os": "Windows 10 64 bit",
   "package": "",
   "parameters": {
      "configuration": "Default configuration"
   },
   "scenario": "GNG-feci.sce",
   "subject": "",
   "timestamp": "2019/03/20 17:30:40 GMT"
}
