Scenario - 
Logfile written - 02/12/2019 13:35:38

Trial	Event Type	Code	Time	TTime	Uncertainty	Duration	Uncertainty	ReqTime	ReqDur	Stim Type	Pair Index

0	Text Input	1	15116	15116	0
1	Response	3	34361	18961	0
2	Response	3	45346	10746	0
3	Response	3	67479	21880	0
4	Response	3	73966	6167	0
5	Response	3	74365	166	3731
5	Response	3	82798	8599	0
5	Response	3	84773	10573	0
5	Response	3	90667	16467	0
5	Response	3	92368	18169	0
5	Response	3	97497	23298	0
5	Response	3	104366	30166	1
6	Response	3	106286	886	0
7	Response	3	108157	1558	0
8	Response	3	112469	4070	0
8	Response	3	113836	5437	0
8	Response	3	116907	8508	0
8	Response	3	118731	10331	0
8	Response	3	135632	27233	0
9	Response	3	167391	27391	0
12	Sound	sound	176401	2	6			0		miss	0
20	Response	2	196647	47	0
29	Response	3	207526	127	0
32	Response	3	211916	916	0
36	Response	2	216116	316	0
37	Response	3	217812	813	0
40	Response	2	220859	260	0
41	Response	3	222748	949	0
43	Response	2	225104	904	0
46	Response	2	228185	386	0
48	Response	2	230529	330	0
49	Sound	sound	231401	2	6			0		miss	0
49	Response	3	232822	1422	0
49	Response	2	235985	4586	1
49	Response	2	237947	6548	0
49	Response	3	240696	9297	0
49	Response	3	242478	11078	0
51	Response	2	244465	666	0
53	Response	2	246488	288	0
55	Response	3	248890	291	0
56	Response	3	250801	1001	1
58	Response	3	252843	644	0
60	Response	2	255137	538	0
62	Response	3	257928	929	0
64	Response	3	259572	173	0
67	Response	2	263727	728	0
69	Response	2	265499	100	0
71	Response	3	267957	158	0
72	Response	3	269512	513	0
84	Quit		283392	192	NA


{
   "app": "Presentation Version 20.2 Build 07.25.18",
   "device": "LENOVO 20DTCTO1WW",
   "experiment": "{80656493-4243-4645-96CC-529760D03478}",
   "os": "Windows 10 64 bit",
   "package": "",
   "parameters": {
      "configuration": "Default configuration"
   },
   "scenario": "GNG-feci.sce",
   "subject": "",
   "timestamp": "2019/02/12 12:34:59 GMT"
}
