Scenario - 
Logfile written - 03/20/2019 18:29:46

Trial	Event Type	Code	Time	TTime	Uncertainty	Duration	Uncertainty	ReqTime	ReqDur	Stim Type	Pair Index

0	Text Input	12	39231	39231	0
1	Response	3	51150	11655	0
2	Response	3	58692	7198	0
3	Response	3	65789	6796	0
4	Response	3	71914	5755	0
5	Response	3	76658	4500	0
5	Response	3	82559	10401	0
5	Response	3	85939	13781	0
5	Response	3	88759	16601	0
5	Response	3	91710	19552	0
5	Response	3	94958	22800	0
5	Response	3	98297	26139	0
5	Response	3	102068	29910	0
6	Response	3	105031	1876	0
7	Response	3	108547	3392	0
8	Response	3	112084	3263	0
8	Response	3	117144	8323	0
8	Response	3	119749	10928	0
8	Response	3	122460	13639	0
8	Response	3	125283	16462	0
8	Response	3	128676	19855	0
9	Response	3	167620	27303	0
12	Sound	sound	184147	1	2			0		miss	0
12	Response	3	187554	3408	0
46	Sound	sound	234308	1	2			0		miss	0
46	Response	3	238126	3819	0
66	Response	3	267813	177	0
70	Response	3	272358	56	0
73	Response	3	276114	312	0
88	Sound	sound	294134	1	2			0		other	0
122	Sound	sound	344129	1	2			0		other	0
122	Response	3	353486	9359	0
162	Sound	sound	401622	1	3			0		other	0
165	Response	3	415671	552	0
189	Sound	sound	444117	1	3			0		miss	0
189	Response	3	444962	845	0
230	Sound	sound	501777	1	2			0		miss	0
240	Response	3	524416	475	0
257	Sound	sound	544106	1	2			0		other	0
297	Sound	sound	601599	1	2			0		other	0
315	Quit		633488	893	NA


{
   "app": "Presentation Version 20.3 Build 02.25.19",
   "device": "LENOVO 20FMS2L703",
   "experiment": "{80656493-4243-4645-96CC-529760D03478}",
   "os": "Windows 10 64 bit",
   "package": "",
   "parameters": {
      "configuration": "Default configuration"
   },
   "scenario": "GNG-feci.sce",
   "subject": "",
   "timestamp": "2019/03/20 17:28:35 GMT"
}
