Scenario - Swad_kids_et
Logfile written - 05/21/2019 17:49:59

Subject	Trial	Event Type	Code	configuration(num)	conditionid(str)	trialid(str)	form(str)	color(str)	seperateAttention(num)	target(num)	Time	TTime	Uncertainty	Duration	Uncertainty	ReqTime	ReqDur	Stim Type	Pair Index

afghj	0	Response	3								78775	78775	0
afghj	0	Response	3								203682	203682	54
afghj	1	Response	3								286295	21576	0
afghj	2	Response	3								333336	46099	0
afghj	4	Picture	1;selective;1;star;6;2;0	1	selective	1	star	6	2	0	343951	0	1	2669	1	0	2500	other	0
afghj	6	Picture	1;selective;1;bell;6;2;2	1	selective	1	bell	6	2	2	371807	0	1	2669	1	0	2500	miss	0


{
   "app": "Presentation Version 20.1 Build 12.04.17",
   "device": "Dell Inc. Latitude 3580",
   "experiment": "{3EDEE026-D8DC-4466-8CD4-50C9D6AA7BA0}",
   "os": "Windows 10 64 bit",
   "package": "",
   "parameters": {
      "configuration": "Default configuration"
   },
   "scenario": "Swad_kids_et.sce",
   "subject": "afghj",
   "timestamp": "2019/05/21 15:49:17 GMT"
}
