Scenario - Swad_kids_et
Logfile written - 05/21/2019 20:56:08

Subject	Trial	Event Type	Code	configuration(num)	conditionid(str)	trialid(str)	form(str)	color(str)	seperateAttention(num)	target(num)	Time	TTime	Uncertainty	Duration	Uncertainty	ReqTime	ReqDur	Stim Type	Pair Index

tadada	0	Response	3								26569	26569	153
tadada	0	Response	3								36364	36364	120
tadada	0	Response	3								164962	164962	0
tadada	0	Response	3								169280	169280	0
tadada	1	Response	3								243519	11493	0
tadada	2	Response	3								259039	15170	0
tadada	3	Response	3								261439	2224	0
tadada	3	Response	3								263999	4785	0
tadada	4	Picture	1;selective;1;flower;2;2;0	1	selective	1	flower	2	2	0	269557	0	1	2669	1	0	2500	other	0
tadada	6	Picture	1;selective;1;bell;3;2;2	1	selective	1	bell	3	2	2	303251	0	1	2669	1	0	2500	miss	0


{
   "app": "Presentation Version 20.1 Build 12.04.17",
   "device": "Dell Inc. Latitude 3580",
   "experiment": "{3EDEE026-D8DC-4466-8CD4-50C9D6AA7BA0}",
   "os": "Windows 10 64 bit",
   "package": "",
   "parameters": {
      "configuration": "Default configuration"
   },
   "scenario": "Swad_kids_et.sce",
   "subject": "tadada",
   "timestamp": "2019/05/21 18:55:27 GMT"
}
