Scenario - Swad_kids_et
Logfile written - 05/21/2019 21:18:33

Subject	Trial	Event Type	Code	configuration(num)	conditionid(str)	trialid(str)	form(str)	color(str)	seperateAttention(num)	target(num)	Time	TTime	Uncertainty	Duration	Uncertainty	ReqTime	ReqDur	Stim Type	Pair Index

zweiter	0	Response	3								38178	38178	0
zweiter	0	Response	3								149376	149376	166
zweiter	0	Response	3								153058	153058	2
zweiter	0	Response	3								156256	156256	165
zweiter	1	Response	3								226656	10477	0
zweiter	2	Response	3								244896	17708	0
zweiter	4	Picture	1;selective;1;star;6;2;0	1	selective	1	star	6	2	0	255378	0	1	2669	1	0	2500	other	0
zweiter	6	Picture	1;selective;1;bell;3;2;2	1	selective	1	bell	3	2	2	288906	0	1	2669	1	0	2500	miss	0


{
   "app": "Presentation Version 20.1 Build 12.04.17",
   "device": "Dell Inc. Latitude 3580",
   "experiment": "{3EDEE026-D8DC-4466-8CD4-50C9D6AA7BA0}",
   "os": "Windows 10 64 bit",
   "package": "",
   "parameters": {
      "configuration": "Default configuration"
   },
   "scenario": "Swad_kids_et.sce",
   "subject": "zweiter",
   "timestamp": "2019/05/21 19:17:55 GMT"
}
