Scenario - 
Logfile written - 03/10/2019 18:14:36

Subject	Trial	Event Type	Code	configuration(num)	conditionid(str)	trialid(str)	form(str)	color(str)	seperateAttention(num)	target(num)	Time	TTime	Uncertainty	Duration	Uncertainty	ReqTime	ReqDur	Stim Type	Pair Index

abc	1	Response	3								168278	168209	0
abc	2	Response	3								180677	12346	0
abc	3	Response	3								192037	11276	0
abc	4	Response	3								212996	20708	0
abc	6	Picture	1;selective;1;flower;2;2;0	1	selective	1	flower	2	2	0	223121	0	1	2569	1	0	2500	false_alarm	6
abc	6	Response	2								227556	4435	0
abc	8	Picture	1;selective;1;moon;3;2;0	1	selective	1	moon	3	2	0	236662	0	1	2569	1	0	2500	false_alarm	8
abc	8	Response	2								240516	3854	0
abc	10	Picture	1;selective;1;flower;6;2;0	1	selective	1	flower	6	2	0	245620	0	1	2569	1	0	2500	false_alarm	10
abc	10	Response	1								249796	4176	0
abc	12	Picture	1;selective;1;bell;5;2;2	1	selective	1	bell	5	2	2	272912	0	1	2361	1	0	2500	hit	12
abc	12	Response	2								275236	2324	0
abc	14	Picture	1;selective;1;heart;4;2;0	1	selective	1	heart	4	2	0	298328	0	1	2569	1	0	2500	false_alarm	14
abc	14	Response	1								301316	2988	0
abc	16	Picture	1;selective;1;bell;3;2;2	1	selective	1	bell	3	2	2	310411	0	1	2569	1	0	2500	hit	16
abc	16	Response	2								314036	3625	0
abc	18	Picture	1;selective;1;star;5;2;0	1	selective	1	star	5	2	0	333188	0	1	1944	1	0	2500	false_alarm	18
abc	18	Response	1								335076	1888	0
abc	19	Quit									340036	4903	NA


{
   "app": "Presentation Version 20.2 Build 07.25.18",
   "device": "To Be Filled By O.E.M. To Be Filled By O.E.M.",
   "experiment": "{3EDEE026-D8DC-4466-8CD4-50C9D6AA7BA0}",
   "os": "Windows 10 64 bit",
   "package": "",
   "parameters": {
      "configuration": "Default configuration"
   },
   "scenario": "Swad_kids.sce",
   "subject": "abc",
   "timestamp": "2019/03/10 17:13:59 GMT"
}
