Scenario - Messung von Wechselkosten zwischen geteilter und selektiver Aufmerksamkeit
Logfile written - 01/23/2019 13:08:33

Subject	Trial	Event Type	Code	configuration(num)	runid(str)	blockid(str)	form(str)	character(str)	seperateAttention(num)	target(num)	Time	TTime	Uncertainty	Duration	Uncertainty	ReqTime	ReqDur	Stim Type	Pair Index

1	1	Response	3								15115	15045	0
1	2	Response	3								30155	15016	0
1	3	Response	3								47274	17067	0
1	5	Picture	1;test;block_1;Herz;3;1;0	1	test	block_1	Herz	3	1	0	57360	0	1	46527	1	0	next	false_alarm	5
1	5	Response	2								103755	46395	0
1	8	Picture	1;test;block_1;Glocke;1;1;1	1	test	block_1	Glocke	1	1	1	147011	0	1	8958	1	0	next	incorrect	7
1	8	Response	2								155914	8903	0
1	11	Picture	1;test;block_1;Blume;2;1;0	1	test	block_1	Blume	2	1	0	199094	0	1	4722	1	0	next	false_alarm	9
1	11	Response	2								203754	4661	0
1	14	Picture	1;test;block_1;Stern;1;1;1	1	test	block_1	Stern	1	1	1	230968	0	1	4653	1	0	next	incorrect	11
1	14	Response	2								235594	4626	0
1	17	Picture	1;test;block_1;Herz;5;1;0	1	test	block_1	Herz	5	1	0	276801	0	1	3819	1	0	next	false_alarm	13
1	17	Response	2								280555	3754	0
1	20	Picture	1;test;block_1;Glocke;3;1;0	1	test	block_1	Glocke	3	1	0	311731	0	1	8680	1	0	next	false_alarm	15
1	20	Response	2								320315	8584	0
1	23	Picture	1;test;block_1;Kreis;6;1;0	1	test	block_1	Kreis	6	1	0	361522	0	1	5139	1	0	next	false_alarm	17
1	23	Response	2								366635	5113	0
1	26	Picture	1;test;block_1;Herz;1;1;1	1	test	block_1	Herz	1	1	1	393743	0	1	3333	1	0	next	incorrect	19
1	26	Response	2								397035	3291	0
1	29	Picture	1;test;block_1;Glocke;5;1;0	1	test	block_1	Glocke	5	1	0	426243	0	1	8441	1	0	next	other	0
1	29	Quit									430555	4312	NA


{
   "app": "Presentation Version 20.2 Build 07.25.18",
   "device": "To Be Filled By O.E.M. To Be Filled By O.E.M.",
   "experiment": "{3EDEE026-D8DC-4466-8CD4-50C9D6AA7BA0}",
   "os": "Windows 10 64 bit",
   "package": "",
   "parameters": {
      "configuration": "Default configuration"
   },
   "scenario": "Swad_Kinder.sce",
   "subject": "1",
   "timestamp": "2019/01/23 12:07:49 GMT"
}
