Scenario - Messung von Wechselkosten zwischen geteilter und selektiver Aufmerksamkeit
Logfile written - 01/24/2019 13:55:22

Subject	Trial	Event Type	Code	configuration(num)	runid(str)	blockid(str)	form(str)	character(str)	seperateAttention(num)	target(num)	Time	TTime	Uncertainty	Duration	Uncertainty	ReqTime	ReqDur	Stim Type	Pair Index

1	1	Response	3								18797	13997	0
1	2	Response	3								30065	11065	0
1	3	Response	3								50188	19988	0
1	3	Response	3								50386	20186	0
1	5	Picture	1;test;block_1;Herz;6;1;0	1	test	block_1	Herz	6	1	0	60600	0	1	40400	1	0	next	false_alarm	6
1	5	Response	1								100812	40212	0
1	8	Picture	1;test;block_1;Blume;1;1;1	1	test	block_1	Blume	1	1	1	134400	0	1	13200	1	0	next	incorrect	8
1	8	Response	2								147364	12964	0
1	11	Picture	1;test;block_1;Blume;2;1;0	1	test	block_1	Blume	2	1	0	191000	0	1	18000	1	0	next	false_alarm	10
1	11	Response	2								208876	17876	0
1	14	Picture	1;test;block_1;Herz;1;1;1	1	test	block_1	Herz	1	1	1	242400	0	1	200	1	0	next	hit	12
1	14	Response	1								242506	106	0
1	17	Picture	1;test;block_1;Glocke;4;1;0	1	test	block_1	Glocke	4	1	0	268000	0	1	5000	1	0	next	false_alarm	14
1	17	Response	2								272903	4903	0
1	20	Picture	1;test;block_1;Blume;5;1;0	1	test	block_1	Blume	5	1	0	302400	0	1	6200	1	0	next	false_alarm	16
1	20	Response	2								308434	6034	0
1	23	Picture	1;test;block_1;Glocke;5;1;0	1	test	block_1	Glocke	5	1	0	344000	0	1	3800	1	0	next	false_alarm	18
1	23	Response	2								347616	3616	0
1	26	Picture	1;test;block_1;Glocke;1;1;1	1	test	block_1	Glocke	1	1	1	383200	0	1	4000	1	0	next	incorrect	20
1	26	Response	2								387086	3886	0
1	29	Picture	1;test;block_1;Glocke;2;1;0	1	test	block_1	Glocke	2	1	0	424600	0	1	7600	1	0	next	false_alarm	22
1	29	Response	2								432038	7438	0
1	32	Picture	1;test;block_1;Stern;1;1;1	1	test	block_1	Stern	1	1	1	475600	0	1	8400	1	0	next	incorrect	24
1	32	Response	2								483854	8254	0
1	34	Quit									518596	14396	NA


{
   "app": "Presentation Version 20.2 Build 07.25.18",
   "device": "LENOVO 20DTCTO1WW",
   "experiment": "{3EDEE026-D8DC-4466-8CD4-50C9D6AA7BA0}",
   "os": "Windows 10 64 bit",
   "package": "",
   "parameters": {
      "configuration": "Default configuration"
   },
   "scenario": "Swad_Kinder.sce",
   "subject": "1",
   "timestamp": "2019/01/24 12:54:28 GMT"
}
