Scenario - Swad_kids_et
Logfile written - 05/15/2019 13:54:41

Subject	Trial	Event Type	Code	configuration(num)	conditionid(str)	trialid(str)	form(str)	color(str)	seperateAttention(num)	target(num)	Time	TTime	Uncertainty	Duration	Uncertainty	ReqTime	ReqDur	Stim Type	Pair Index

1	0	Pulse	99								0	0	NA
1	1	Pulse	99								10000	9500	NA
1	1	Response	3								18468	17968	0
1	2	Pulse	99								20000	1336	NA
1	2	Pulse	99								30000	11336	NA
1	2	Response	3								33591	14927	0
1	3	Pulse	99								40000	6171	NA
1	3	Pulse	99								50000	16171	NA
1	3	Pulse	99								60000	26171	NA
1	3	Response	3								66212	32383	0
1	4	Pulse	99								70000	3674	NA
1	5	Picture	1;test;1;flower;4;1;0	1	test	1	flower	4	1	0	76491	0	1	2666	1	0	2500	other	0
1	5	Pulse	99								80000	3509	NA
1	5	Pulse	99								90000	13509	NA
1	6	Pulse	99								100000	5344	NA
1	7	Picture	1;test;1;circle;1;1;1	1	test	1	circle	1	1	1	109821	0	1	2666	1	0	2500	miss	0
1	7	Pulse	99								110000	179	NA
1	7	Pulse	99								120000	10179	NA
1	8	Pulse	99								130000	1848	NA
1	8	Pulse	99								140000	11848	NA
1	9	Pulse	99								150000	1684	NA
1	9	Pulse	99								160000	11684	NA
1	10	Picture	1;test;1;star;5;1;0	1	test	1	star	5	1	0	161481	0	1	2666	1	0	2500	other	0
1	10	Pulse	99								170000	8519	NA
1	11	Pulse	99								180000	354	NA
1	11	Pulse	99								190000	10354	NA
1	12	Picture	1;test;1;heart;1;1;1	1	test	1	heart	1	1	1	190811	0	1	2666	1	0	2500	miss	0
1	12	Pulse	99								200000	9189	NA
1	13	Pulse	99								210000	1024	NA
1	13	Pulse	99								220000	11024	NA
1	14	Pulse	99								230000	860	NA
1	14	Pulse	99								240000	10860	NA
1	15	Picture	1;test;1;heart;5;1;0	1	test	1	heart	5	1	0	240306	0	1	2666	1	0	2500	other	0
1	15	Pulse	99								250000	9694	NA
1	16	Pulse	99								260000	1530	NA
1	17	Picture	1;test;1;star;1;1;1	1	test	1	star	1	1	1	265636	0	1	2666	1	0	2500	miss	0
1	17	Pulse	99								270000	4364	NA
1	17	Pulse	99								280000	14364	NA
1	18	Pulse	99								290000	6199	NA
1	18	Pulse	99								300000	16199	NA
1	19	Pulse	99								310000	6035	NA
1	19	Pulse	99								320000	16035	NA
1	20	Picture	1;test;1;flower;5;1;0	1	test	1	flower	5	1	0	321130	0	1	2666	1	0	2500	other	0
1	20	Pulse	99								330000	8870	NA
1	21	Pulse	99								340000	705	NA
1	22	Picture	1;test;1;moon;6;1;0	1	test	1	moon	6	1	0	344461	0	1	2666	1	0	2500	other	0
1	22	Pulse	99								350000	5539	NA
1	22	Pulse	99								360000	15539	NA
1	23	Pulse	99								370000	7375	NA
1	23	Pulse	99								380000	17375	NA
1	24	Picture	1;test;1;star;4;1;0	1	test	1	star	4	1	0	381790	0	1	2666	1	0	2500	other	0
1	24	Pulse	99								390000	8210	NA
1	25	Pulse	99								400000	46	NA
1	25	Pulse	99								410000	10046	NA
1	25	Pulse	99								420000	20046	NA
1	26	Picture	1;test;1;bell;1;1;1	1	test	1	bell	1	1	1	423118	0	1	2666	1	0	2500	miss	0
1	26	Pulse	99								430000	6882	NA
1	26	Pulse	99								440000	16882	NA
1	27	Pulse	99								450000	8717	NA
1	27	Pulse	99								460000	18717	NA
1	28	Pulse	99								470000	8219	NA
1	28	Pulse	99								480000	18219	NA
1	28	Pulse	99								490000	28219	NA
1	28	Pulse	99								500000	38219	NA
1	28	Pulse	99								510000	48219	NA
1	28	Pulse	99								520000	58219	NA
1	28	Response	3								521963	60183	0
1	29	Pulse	99								530000	7893	NA
1	30	Picture	1;test;2;circle;4;3;0	1	test	2	circle	4	3	0	532273	0	1	2666	1	0	2500	other	0
1	30	Pulse	99								540000	7727	NA
1	30	Pulse	99								550000	17727	NA
1	31	Pulse	99								560000	9563	NA
1	32	Picture	1;test;2;heart;6;3;0	1	test	2	heart	6	3	0	565602	0	1	2666	1	0	2500	other	0
1	32	Pulse	99								570000	4398	NA
1	32	Pulse	99								580000	14398	NA
1	33	Pulse	99								590000	6233	NA
1	34	Picture	1;test;2;heart;2;3;1	1	test	2	heart	2	3	1	592932	0	1	2666	1	0	2500	miss	0
1	34	Pulse	99								600000	7068	NA
1	34	Pulse	99								610000	17068	NA
1	35	Pulse	99								620000	8903	NA
1	35	Pulse	99								630000	18903	NA
1	37	Picture	1;test;2;bell;4;3;0	1	test	2	bell	4	3	0	636428	0	1	2666	1	0	2500	other	0
1	37	Pulse	99								640000	3572	NA
1	37	Pulse	99								650000	13572	NA
1	38	Pulse	99								660000	5408	NA
1	39	Picture	1;test;2;moon;2;3;1	1	test	2	moon	2	3	1	661758	0	1	2666	1	0	2500	miss	0
1	39	Pulse	99								670000	8242	NA
1	40	Pulse	99								680000	77	NA
1	40	Pulse	99								690000	10077	NA
1	40	Pulse	99								700000	20077	NA
1	41	Pulse	99								710000	9913	NA
1	42	Picture	1;test;2;bell;6;3;0	1	test	2	bell	6	3	0	713252	0	1	2666	1	0	2500	other	0
1	42	Pulse	99								720000	6748	NA
1	42	Pulse	99								730000	16748	NA
1	43	Pulse	99								740000	8583	NA
1	44	Picture	1;test;2;flower;5;3;2	1	test	2	flower	5	3	2	742582	0	1	2666	1	0	2500	miss	0
1	44	Pulse	99								750000	7418	NA
1	44	Pulse	99								760000	17418	NA
1	45	Pulse	99								770000	9253	NA
1	45	Pulse	99								780000	19253	NA
1	46	Pulse	99								790000	9089	NA
1	47	Picture	1;test;2;star;6;3;0	1	test	2	star	6	3	0	798076	0	1	2666	1	0	2500	other	0
1	47	Pulse	99								800000	1924	NA
1	47	Pulse	99								810000	11924	NA
1	48	Pulse	99								820000	3760	NA
1	49	Picture	1;test;2;moon;1;3;0	1	test	2	moon	1	3	0	823406	0	1	2666	1	0	2500	other	0
1	49	Pulse	99								830000	6594	NA
1	49	Pulse	99								840000	16594	NA
1	50	Pulse	99								850000	8429	NA
1	51	Picture	1;test;2;flower;1;3;2	1	test	2	flower	1	3	2	852736	0	1	2666	1	0	2500	miss	0
1	51	Pulse	99								860000	7264	NA
1	51	Pulse	99								870000	17264	NA
1	52	Pulse	99								880000	9099	NA
1	52	Pulse	99								890000	19099	NA
1	60	Pulse	99								900000	769	NA
1	69	Pulse	99								910000	270	NA
1	77	Pulse	99								920000	938	NA
1	86	Pulse	99								930000	439	NA
1	94	Pulse	99								940000	1107	NA
1	103	Pulse	99								950000	608	NA
1	112	Pulse	99								960000	109	NA
1	120	Pulse	99								970000	777	NA
1	129	Pulse	99								980000	278	NA
1	137	Pulse	99								990000	946	NA
1	146	Pulse	99								1000000	447	NA
1	154	Pulse	99								1010000	1115	NA
1	163	Pulse	99								1020000	616	NA
1	172	Pulse	99								1030000	117	NA
1	180	Pulse	99								1040000	785	NA
1	189	Pulse	99								1050000	286	NA
1	197	Pulse	99								1060000	954	NA
1	206	Pulse	99								1070000	455	NA
1	214	Pulse	99								1080000	1123	NA
1	223	Pulse	99								1090000	624	NA
1	232	Pulse	99								1100000	125	NA
1	240	Pulse	99								1110000	793	NA
1	249	Pulse	99								1120000	294	NA
1	257	Pulse	99								1130000	962	NA
1	266	Pulse	99								1140000	463	NA
1	274	Pulse	99								1150000	1131	NA
1	283	Pulse	99								1160000	632	NA
1	292	Pulse	99								1170000	133	NA
1	300	Pulse	99								1180000	801	NA
1	309	Pulse	99								1190000	302	NA
1	311	Pulse	99								1200000	7969	NA
1	311	Pulse	99								1210000	17969	NA
1	311	Pulse	99								1220000	27969	NA
1	311	Pulse	99								1230000	37969	NA
1	311	Pulse	99								1240000	47969	NA
1	311	Pulse	99								1250000	57969	NA
1	311	Pulse	99								1260000	67969	NA
1	311	Pulse	99								1270000	77969	NA
1	311	Pulse	99								1280000	87969	NA
1	311	Pulse	99								1290000	97969	NA
1	311	Pulse	99								1300000	107969	NA
1	311	Pulse	99								1310000	117969	NA
1	311	Pulse	99								1320000	127969	NA
1	311	Pulse	99								1330000	137969	NA
1	311	Pulse	99								1340000	147969	NA
1	311	Pulse	99								1350000	157969	NA
1	311	Pulse	99								1360000	167969	NA
1	311	Pulse	99								1370000	177969	NA
1	311	Pulse	99								1380000	187969	NA
1	311	Pulse	99								1390000	197969	NA
1	311	Pulse	99								1400000	207969	NA
1	311	Pulse	99								1410000	217969	NA
1	311	Pulse	99								1420000	227969	NA
1	311	Pulse	99								1430000	237969	NA
1	311	Pulse	99								1440000	247969	NA
1	311	Pulse	99								1450000	257969	NA
1	311	Pulse	99								1460000	267969	NA
1	311	Pulse	99								1470000	277969	NA
1	311	Pulse	99								1480000	287969	NA
1	311	Pulse	99								1490000	297969	NA
1	311	Pulse	99								1500000	307969	NA
1	311	Pulse	99								1510000	317969	NA
1	311	Pulse	99								1520000	327969	NA
1	311	Pulse	99								1530000	337969	NA
1	311	Pulse	99								1540000	347969	NA
1	311	Pulse	99								1550000	357969	NA
1	311	Pulse	99								1560000	367969	NA
1	311	Pulse	99								1570000	377969	NA
1	311	Pulse	99								1580000	387969	NA
1	311	Pulse	99								1590000	397969	NA
1	311	Pulse	99								1600000	407969	NA
1	311	Pulse	99								1610000	417969	NA
1	311	Pulse	99								1620000	427969	NA
1	311	Pulse	99								1630000	437969	NA
1	311	Pulse	99								1640000	447969	NA
1	311	Pulse	99								1650000	457969	NA
1	311	Pulse	99								1660000	467969	NA
1	311	Pulse	99								1670000	477969	NA
1	311	Pulse	99								1680000	487969	NA
1	311	Pulse	99								1690000	497969	NA
1	311	Pulse	99								1700000	507969	NA
1	311	Pulse	99								1710000	517969	NA
1	311	Pulse	99								1720000	527969	NA
1	311	Pulse	99								1730000	537969	NA
1	311	Pulse	99								1740000	547969	NA
1	311	Pulse	99								1750000	557969	NA
1	311	Pulse	99								1760000	567969	NA
1	311	Pulse	99								1770000	577969	NA
1	311	Pulse	99								1780000	587969	NA
1	311	Pulse	99								1790000	597969	NA
1	311	Pulse	99								1800000	607969	NA
1	311	Pulse	99								1810000	617969	NA
1	311	Pulse	99								1820000	627969	NA
1	311	Pulse	99								1830000	637969	NA
1	311	Pulse	99								1840000	647969	NA
1	311	Pulse	99								1850000	657969	NA
1	311	Pulse	99								1860000	667969	NA
1	311	Pulse	99								1870000	677969	NA
1	311	Pulse	99								1880000	687969	NA
1	311	Pulse	99								1890000	697969	NA
1	311	Pulse	99								1900000	707969	NA
1	311	Pulse	99								1910000	717969	NA
1	311	Pulse	99								1920000	727969	NA
1	311	Pulse	99								1930000	737969	NA
1	311	Pulse	99								1940000	747969	NA
1	311	Pulse	99								1950000	757969	NA
1	311	Pulse	99								1960000	767969	NA
1	311	Pulse	99								1970000	777969	NA
1	311	Pulse	99								1980000	787969	NA
1	311	Pulse	99								1990000	797969	NA
1	311	Pulse	99								2000000	807969	NA
1	311	Pulse	99								2010000	817969	NA
1	311	Pulse	99								2020000	827969	NA
1	311	Pulse	99								2030000	837969	NA
1	311	Pulse	99								2040000	847969	NA
1	311	Pulse	99								2050000	857969	NA
1	311	Pulse	99								2060000	867969	NA
1	311	Pulse	99								2070000	877969	NA
1	311	Pulse	99								2080000	887969	NA
1	311	Pulse	99								2090000	897969	NA
1	311	Pulse	99								2100000	907969	NA
1	311	Pulse	99								2110000	917969	NA
1	311	Pulse	99								2120000	927969	NA
1	311	Pulse	99								2130000	937969	NA
1	311	Pulse	99								2140000	947969	NA
1	311	Pulse	99								2150000	957969	NA
1	311	Pulse	99								2160000	967969	NA
1	311	Pulse	99								2170000	977969	NA
1	311	Pulse	99								2180000	987969	NA
1	311	Pulse	99								2190000	997969	NA
1	311	Pulse	99								2200000	1007969	NA
1	311	Pulse	99								2210000	1017969	NA
1	311	Pulse	99								2220000	1027969	NA
1	311	Pulse	99								2230000	1037969	NA
1	311	Pulse	99								2240000	1047969	NA
1	311	Pulse	99								2250000	1057969	NA
1	311	Pulse	99								2260000	1067969	NA
1	311	Pulse	99								2270000	1077969	NA
1	311	Pulse	99								2280000	1087969	NA
1	311	Pulse	99								2290000	1097969	NA
1	311	Pulse	99								2300000	1107969	NA
1	311	Pulse	99								2310000	1117969	NA
1	311	Pulse	99								2320000	1127969	NA
1	311	Pulse	99								2330000	1137969	NA
1	311	Pulse	99								2340000	1147969	NA
1	311	Pulse	99								2350000	1157969	NA
1	311	Pulse	99								2360000	1167969	NA
1	311	Pulse	99								2370000	1177969	NA
1	311	Pulse	99								2380000	1187969	NA
1	311	Pulse	99								2390000	1197969	NA
1	311	Pulse	99								2400000	1207969	NA
1	311	Pulse	99								2410000	1217969	NA
1	311	Pulse	99								2420000	1227969	NA
1	311	Pulse	99								2430000	1237969	NA
1	311	Pulse	99								2440000	1247969	NA
1	311	Pulse	99								2450000	1257969	NA
1	311	Pulse	99								2460000	1267969	NA
1	311	Pulse	99								2470000	1277969	NA
1	311	Pulse	99								2480000	1287969	NA
1	311	Pulse	99								2490000	1297969	NA
1	311	Pulse	99								2500000	1307969	NA
1	311	Pulse	99								2510000	1317969	NA
1	311	Pulse	99								2520000	1327969	NA
1	311	Pulse	99								2530000	1337969	NA
1	311	Pulse	99								2540000	1347969	NA
1	311	Pulse	99								2550000	1357969	NA
1	311	Pulse	99								2560000	1367969	NA
1	311	Pulse	99								2570000	1377969	NA
1	311	Pulse	99								2580000	1387969	NA
1	311	Pulse	99								2590000	1397969	NA
1	311	Pulse	99								2600000	1407969	NA
1	311	Pulse	99								2610000	1417969	NA
1	311	Pulse	99								2620000	1427969	NA
1	311	Pulse	99								2630000	1437969	NA
1	311	Pulse	99								2640000	1447969	NA
1	311	Pulse	99								2650000	1457969	NA
1	311	Pulse	99								2660000	1467969	NA
1	311	Pulse	99								2670000	1477969	NA
1	311	Pulse	99								2680000	1487969	NA
1	311	Pulse	99								2690000	1497969	NA
1	311	Pulse	99								2700000	1507969	NA
1	311	Pulse	99								2710000	1517969	NA
1	311	Pulse	99								2720000	1527969	NA
1	311	Pulse	99								2730000	1537969	NA
1	311	Pulse	99								2740000	1547969	NA
1	311	Pulse	99								2750000	1557969	NA
1	311	Pulse	99								2760000	1567969	NA
1	311	Pulse	99								2770000	1577969	NA
1	311	Pulse	99								2780000	1587969	NA
1	311	Pulse	99								2790000	1597969	NA
1	311	Pulse	99								2800000	1607969	NA
1	311	Pulse	99								2810000	1617969	NA
1	311	Pulse	99								2820000	1627969	NA
1	311	Pulse	99								2830000	1637969	NA
1	311	Pulse	99								2840000	1647969	NA
1	311	Pulse	99								2850000	1657969	NA
1	311	Pulse	99								2860000	1667969	NA
1	311	Pulse	99								2870000	1677969	NA
1	311	Pulse	99								2880000	1687969	NA
1	311	Pulse	99								2890000	1697969	NA
1	311	Pulse	99								2900000	1707969	NA
1	311	Pulse	99								2910000	1717969	NA
1	311	Pulse	99								2920000	1727969	NA
1	311	Pulse	99								2930000	1737969	NA
1	311	Pulse	99								2940000	1747969	NA
1	311	Pulse	99								2950000	1757969	NA
1	311	Pulse	99								2960000	1767969	NA
1	311	Pulse	99								2970000	1777969	NA
1	311	Pulse	99								2980000	1787969	NA
1	311	Pulse	99								2990000	1797969	NA
1	311	Pulse	99								3000000	1807969	NA
1	311	Pulse	99								3010000	1817969	NA
1	311	Pulse	99								3020000	1827969	NA
1	311	Pulse	99								3030000	1837969	NA
1	311	Pulse	99								3040000	1847969	NA
1	311	Pulse	99								3050000	1857969	NA
1	311	Pulse	99								3060000	1867969	NA
1	311	Pulse	99								3070000	1877969	NA
1	311	Pulse	99								3080000	1887969	NA
1	311	Pulse	99								3090000	1897969	NA
1	311	Pulse	99								3100000	1907969	NA
1	311	Pulse	99								3110000	1917969	NA
1	311	Pulse	99								3120000	1927969	NA
1	311	Pulse	99								3130000	1937969	NA
1	311	Pulse	99								3140000	1947969	NA
1	311	Pulse	99								3150000	1957969	NA
1	311	Pulse	99								3160000	1967969	NA
1	311	Pulse	99								3170000	1977969	NA
1	311	Pulse	99								3180000	1987969	NA
1	311	Pulse	99								3190000	1997969	NA
1	311	Pulse	99								3200000	2007969	NA
1	311	Pulse	99								3210000	2017969	NA
1	311	Pulse	99								3220000	2027969	NA
1	311	Pulse	99								3230000	2037969	NA
1	311	Pulse	99								3240000	2047969	NA
1	311	Pulse	99								3250000	2057969	NA
1	311	Pulse	99								3260000	2067969	NA
1	311	Pulse	99								3270000	2077969	NA
1	311	Pulse	99								3280000	2087969	NA
1	311	Pulse	99								3290000	2097969	NA
1	311	Pulse	99								3300000	2107969	NA
1	311	Pulse	99								3310000	2117969	NA
1	311	Pulse	99								3320000	2127969	NA
1	311	Pulse	99								3330000	2137969	NA
1	311	Pulse	99								3340000	2147969	NA
1	311	Pulse	99								3350000	2157969	NA
1	311	Pulse	99								3360000	2167969	NA
1	311	Pulse	99								3370000	2177969	NA
1	311	Pulse	99								3380000	2187969	NA
1	311	Pulse	99								3390000	2197969	NA
1	311	Pulse	99								3400000	2207969	NA
1	311	Pulse	99								3410000	2217969	NA
1	311	Pulse	99								3420000	2227969	NA
1	311	Pulse	99								3430000	2237969	NA
1	311	Pulse	99								3440000	2247969	NA
1	311	Pulse	99								3450000	2257969	NA
1	311	Pulse	99								3460000	2267969	NA
1	311	Pulse	99								3470000	2277969	NA
1	311	Pulse	99								3480000	2287969	NA
1	311	Pulse	99								3490000	2297969	NA
1	311	Pulse	99								3500000	2307969	NA
1	311	Pulse	99								3510000	2317969	NA
1	311	Pulse	99								3520000	2327969	NA
1	311	Pulse	99								3530000	2337969	NA
1	311	Pulse	99								3540000	2347969	NA
1	311	Pulse	99								3550000	2357969	NA
1	311	Pulse	99								3560000	2367969	NA
1	311	Pulse	99								3570000	2377969	NA
1	311	Pulse	99								3580000	2387969	NA
1	311	Pulse	99								3590000	2397969	NA
1	311	Pulse	99								3600000	2407969	NA
1	311	Pulse	99								3610000	2417969	NA
1	311	Pulse	99								3620000	2427969	NA
1	311	Pulse	99								3630000	2437969	NA
1	311	Pulse	99								3640000	2447969	NA
1	311	Pulse	99								3650000	2457969	NA
1	311	Pulse	99								3660000	2467969	NA
1	311	Quit									3664221	2472189	NA


{
   "app": "Presentation Version 20.3 Build 02.25.19",
   "device": "LENOVO 20FMS2L703",
   "experiment": "{3EDEE026-D8DC-4466-8CD4-50C9D6AA7BA0}",
   "os": "Windows 10 64 bit",
   "package": "",
   "parameters": {
      "configuration": "Default configuration"
   },
   "scenario": "Swad_kids_et.sce",
   "subject": "1",
   "timestamp": "2019/05/15 11:48:23 GMT"
}
