Scenario - 
Logfile written - 10/29/2018 13:04:07

Trial	Event Type	Code	Time	TTime	Uncertainty	Duration	Uncertainty	ReqTime	ReqDur	Stim Type	Pair Index

0	Text Input	1	7710	7710	0
0	Text Input	1	11263	11263	0
1	Sound	sound	18841	41	2137			0		hit	4
1	Response	1	27824	9024	0
42	Sound	sound	76400	1	3			0		hit	6
42	Response	1	79281	2883	0
63	Response	1	104384	985	0
66	Response	1	107698	700	0
67	Response	1	109010	811	0
68	Response	1	110427	1028	0
73	Response	1	116126	727	0
75	Response	1	118260	461	0
77	Response	1	120349	151	0
78	Response	1	121795	397	0
83	Response	1	127418	20	0
85	Response	1	130352	553	0
86	Sound	sound	131399	1	3			0		false_alarm	18
86	Response	1	133616	2218	0
88	Response	1	135561	563	0
97	Response	1	146712	914	0
115	Response	1	167701	303	0
122	Response	1	176758	961	0
127	Response	1	182630	833	0
128	Sound	sound	183998	1	3			0		hit	25
128	Response	1	187554	3556	0
142	Response	1	203907	510	0
146	Response	1	208924	726	0
149	Response	1	212404	607	0
153	Response	1	217221	624	0
155	Response	1	219208	211	0
171	Sound	sound	238998	1	3			0		false_alarm	32
171	Response	1	242626	3629	0
173	Response	1	244274	277	0
175	Response	1	246482	85	0
218	Sound	sound	298997	1	3			0		hit	36
218	Response	1	302424	3428	0
266	Sound	sound	358996	1	3			0		false_alarm	38
266	Response	1	364209	5214	0
298	Sound	sound	401596	1	3			0		false_alarm	40
298	Response	1	405103	3509	0
320	Response	1	431528	1133	0
325	Response	1	437431	1037	0
329	Response	1	441651	457	0
331	Response	1	444696	1102	0
336	Response	1	449644	50	0
337	Response	1	451791	997	0
339	Response	1	454180	986	0
341	Response	1	456123	529	0
342	Response	1	457992	1198	0
344	Response	1	459901	707	0
346	Sound	sound	461595	1	3			0		hit	52
346	Response	1	461894	300	0
350	Response	1	465994	400	0
355	Response	1	471777	183	0
383	Response	1	506898	1104	0
388	Response	1	512254	461	0
389	Sound	sound	513994	1	4			0		false_alarm	58
389	Response	1	514723	730	0
395	Response	1	521582	789	0
397	Response	1	523521	327	0
398	Response	1	525484	1090	0
400	Response	1	527607	814	0
409	Response	1	537609	16	0
410	Response	1	539088	295	0
411	Response	1	540525	532	0
412	Response	1	542228	1035	0
431	Sound	sound	563994	1	3			0		hit	68
431	Response	1	569063	5070	0
467	Sound	sound	611393	1	3			0		false_alarm	70
467	Response	1	614164	2771	0


{
   "app": "Presentation Version 20.2 Build 07.25.18",
   "device": "LENOVO 20DTCTO1WW",
   "experiment": "{80656493-4243-4645-96CC-529760D03478}",
   "os": "Windows 10 64 bit",
   "package": "",
   "parameters": {
      "configuration": "Default configuration"
   },
   "scenario": "GNGrobin.sce",
   "subject": "",
   "timestamp": "2018/10/29 12:03:01 GMT"
}
