Scenario - 
Logfile written - 10/29/2018 12:56:54

Trial	Event Type	Code	Time	TTime	Uncertainty	Duration	Uncertainty	ReqTime	ReqDur	Stim Type	Pair Index

0	Text Input	1	7315	7315	0
0	Text Input	1	9758	9758	0
1	Sound	sound	24843	43	1271			0		false_alarm	4
1	Response	1	36071	11271	0
44	Sound	sound	87400	1	3			0		hit	6
44	Response	1	90857	3458	0
85	Sound	sound	139799	1	4			0		hit	8
85	Response	1	142982	3184	0
115	Response	1	179096	1099	0
131	Sound	sound	197398	1	3			0		false_alarm	11
131	Response	1	201358	3960	0
160	Response	1	235750	553	0
165	Response	1	242045	848	0
166	Sound	sound	242398	1	3			0		hit	15
166	Response	1	245687	3290	3
184	Response	1	267195	798	0
192	Response	1	276548	552	0
194	Response	1	279594	1197	0
197	Response	1	283044	1048	0
200	Response	1	285979	383	0
202	Response	1	288656	660	0
207	Response	1	295061	1065	0
210	Sound	sound	297597	1	3			0		hit	24
210	Response	1	299442	1846	0
212	Response	1	301205	409	0
213	Response	1	302953	957	0
220	Response	1	310608	212	0
229	Response	1	321467	272	0
233	Response	1	326749	754	0
236	Response	1	330085	489	0
239	Response	1	333815	620	0
243	Response	1	338182	186	0
246	Response	1	342264	669	0
247	Response	1	343853	1057	0
249	Response	1	345465	270	0
252	Response	1	349504	708	0
253	Response	1	350340	345	0
254	Response	1	352083	888	0
255	Sound	sound	352396	1	3			0		false_alarm	40
255	Response	1	355511	3116	0
259	Response	1	359267	72	0
260	Response	1	361376	981	0
262	Response	1	362889	93	0
263	Response	1	364958	963	0
265	Response	1	367171	776	0
266	Response	1	369276	881	0
273	Response	1	377201	406	0
275	Response	1	379711	516	0
277	Response	1	381679	84	0
278	Response	1	383582	787	0
283	Response	1	389493	698	0
298	Sound	sound	407396	1	3			0		false_alarm	53
298	Response	1	411360	3965	0
301	Response	1	414777	782	0
307	Response	1	421925	730	0
308	Response	1	423637	643	0
334	Sound	sound	454795	1	4			0		false_alarm	58
334	Response	1	458771	3977	0
371	Sound	sound	502394	1	3			0		hit	60
371	Response	1	505644	3250	0
417	Sound	sound	559794	1	4			0		false_alarm	62
417	Response	1	562659	2866	0
461	Sound	sound	614793	1	3			0		hit	64
461	Response	1	618003	3211	0


{
   "app": "Presentation Version 20.2 Build 07.25.18",
   "device": "LENOVO 20DTCTO1WW",
   "experiment": "{80656493-4243-4645-96CC-529760D03478}",
   "os": "Windows 10 64 bit",
   "package": "",
   "parameters": {
      "configuration": "Default configuration"
   },
   "scenario": "GNGrobin.sce",
   "subject": "",
   "timestamp": "2018/10/29 11:55:47 GMT"
}
