Scenario - 
Logfile written - 10/29/2018 12:50:53

Trial	Event Type	Code	Time	TTime	Uncertainty	Duration	Uncertainty	ReqTime	ReqDur	Stim Type	Pair Index

0	Text Input	1	13037	13037	0
0	Text Input	1	21876	21876	0
1	Sound	sound	32044	44	1194			0		hit	4
1	Response	1	42460	10461	0
23	Response	1	68207	408	0
26	Response	1	71923	524	0
28	Response	1	74622	823	0
31	Response	1	78603	1204	0
32	Sound	sound	79600	1	3			0		hit	10
32	Response	1	81282	1683	0
75	Sound	sound	131999	1	3			0		false_alarm	12
75	Response	1	134449	2451	0
77	Response	1	136775	977	0
117	Sound	sound	184598	1	3			0		hit	15
117	Response	1	189180	4583	0
162	Response	1	242939	742	0
164	Sound	sound	244598	1	3			0		false_alarm	18
164	Response	1	248290	3693	0
169	Response	1	254128	932	0
171	Response	1	256402	805	0
176	Response	1	262642	1045	0
178	Response	1	264498	502	0
179	Response	1	266242	1045	0
181	Response	1	268509	913	0
193	Response	1	283148	1151	0
195	Response	1	285060	663	0
196	Response	1	286702	1106	0
198	Response	1	289037	1041	0
200	Response	1	291216	820	0
203	Sound	sound	294597	1	3			0		hit	31
203	Response	1	296586	1990	0
205	Response	1	298711	715	0
211	Response	1	306115	919	0
214	Response	1	308956	160	0
252	Sound	sound	354596	1	3			0		false_alarm	36
255	Response	1	368272	77	0
285	Response	1	405888	894	0
286	Sound	sound	406996	1	3			0		false_alarm	39
286	Response	1	409789	2794	0
324	Sound	sound	454595	1	3			0		hit	41
326	Response	1	468331	937	0
369	Sound	sound	519594	1	3			0		false_alarm	43
369	Response	1	522734	3141	0
407	Sound	sound	567194	1	3			0		hit	45
407	Response	1	570890	3698	0
459	Sound	sound	632193	1	3			0		false_alarm	47
459	Response	1	635073	2881	0


{
   "app": "Presentation Version 20.2 Build 07.25.18",
   "device": "LENOVO 20DTCTO1WW",
   "experiment": "{80656493-4243-4645-96CC-529760D03478}",
   "os": "Windows 10 64 bit",
   "package": "",
   "parameters": {
      "configuration": "Default configuration"
   },
   "scenario": "GNGrobin.sce",
   "subject": "",
   "timestamp": "2018/10/29 11:49:45 GMT"
}
