Scenario - Swad_kids_fmrt
Logfile written - 11/19/2019 13:35:39

Subject	Trial	Event Type	Code	configuration(num)	conditionid(str)	trialid(str)	form(str)	color(str)	seperateAttention(num)	target(num)	Time	TTime	Uncertainty	Duration	Uncertainty	ReqTime	ReqDur	Stim Type	Pair Index

	0	Pulse	0								0	0	NA
	1	Response	3								10336	10003	0
	2	Pulse	0								20000	9502	NA
	2	Response	3								22989	12491	0
	3	Response	3								39217	16054	0
	4	Pulse	0								40000	671	NA
	4	Response	3								41445	2116	0
	4	Response	3								43484	4156	0
	4	Pulse	0								60000	20671	NA
	4	Pulse	0								80000	40671	NA
	4	Pulse	0								100000	60671	NA
	5	Picture	cross	cross							100155	0	1	10166	1	0	next	other	0
	5	Response	3								108136	7981	0
	6	Picture	1;test;1;star;4;1;0	1	test	1	star	4	1	0	110320	0	1	2666	1	0	2500	other	0
	6	Pulse	0								120000	9680	NA
	7	Picture	cross	cross							128485	0	1	19331	1	0	next	other	0
	7	Pulse	0								140000	11515	NA
	7	Response	3								144830	16345	0
	8	Picture	1;test;1;circle;1;1;1	1	test	1	circle	1	1	1	147816	0	1	2666	1	0	2500	miss	0
	8	Pulse	0								160000	12184	NA
	9	Response	3								168487	2506	0
	9	Response	3								171896	5915	0
	9	Response	3								175032	9051	0
	9	Response	3								178037	12056	0
	9	Pulse	0								180000	14019	NA
	10	Picture	cross	cross							186145	0	1	20178	1	0	next	other	0
	10	Quit									188015	1870	NA


{
   "app": "Presentation Version 20.3 Build 02.25.19",
   "device": "LENOVO 20FMS2L703",
   "experiment": "{3EDEE026-D8DC-4466-8CD4-50C9D6AA7BA0}",
   "os": "Windows 10 64 bit",
   "package": "",
   "parameters": {
      "configuration": "Default configuration"
   },
   "scenario": "Swad_kids_fmrt.sce",
   "subject": "",
   "timestamp": "2019/11/19 12:35:15 GMT"
}
